{"meta": {"format": 3, "version": "7.12.0", "timestamp": "2025-12-04T03:02:59.872978", "branch_coverage": false, "show_contexts": false}, "files": {"arc_saga\\__init__.py": {"executed_lines": [1, 9, 10, 12, 13, 15], "summary": {"covered_lines": 5, "num_statements": 5, "percent_covered": 100.0, "percent_covered_display": "100", "missing_lines": 0, "excluded_lines": 0, "percent_statements_covered": 100.0, "percent_statements_covered_display": "100"}, "missing_lines": [], "excluded_lines": [], "functions": {"": {"executed_lines": [1, 9, 10, 12, 13, 15], "summary": {"covered_lines": 5, "num_statements": 5, "percent_covered": 100.0, "percent_covered_display": "100", "missing_lines": 0, "excluded_lines": 0, "percent_statements_covered": 100.0, "percent_statements_covered_display": "100"}, "missing_lines": [], "excluded_lines": []}}, "classes": {"": {"executed_lines": [1, 9, 10, 12, 13, 15], "summary": {"covered_lines": 5, "num_statements": 5, "percent_covered": 100.0, "percent_covered_display": "100", "missing_lines": 0, "excluded_lines": 0, "percent_statements_covered": 100.0, "percent_statements_covered_display": "100"}, "missing_lines": [], "excluded_lines": []}}}, "arc_saga\\api\\__init__.py": {"executed_lines": [1, 5, 7], "summary": {"covered_lines": 2, "num_statements": 2, "percent_covered": 100.0, "percent_covered_display": "100", "missing_lines": 0, "excluded_lines": 0, "percent_statements_covered": 100.0, "percent_statements_covered_display": "100"}, "missing_lines": [], "excluded_lines": [], "functions": {"": {"executed_lines": [1, 5, 7], "summary": {"covered_lines": 2, "num_statements": 2, "percent_covered": 100.0, "percent_covered_display": "100", "missing_lines": 0, "excluded_lines": 0, "percent_statements_covered": 100.0, "percent_statements_covered_display": "100"}, "missing_lines": [], "excluded_lines": []}}, "classes": {"": {"executed_lines": [1, 5, 7], "summary": {"covered_lines": 2, "num_statements": 2, "percent_covered": 100.0, "percent_covered_display": "100", "missing_lines": 0, "excluded_lines": 0, "percent_statements_covered": 100.0, "percent_statements_covered_display": "100"}, "missing_lines": [], "excluded_lines": []}}}, "arc_saga\\api\\health_monitor.py": {"executed_lines": [1, 8, 10, 11, 12, 13, 14, 16, 17, 19, 30, 31, 41, 43, 44, 45, 46, 47, 48, 50, 58, 60, 68, 69, 71, 73, 87, 93, 94, 96, 103, 110, 115, 122, 124, 131, 133, 134, 139, 141, 148, 149, 153, 155, 157, 164, 165, 167, 169, 170, 174, 177, 178, 184, 196, 197, 200, 201, 203, 204, 205, 208, 209, 211, 212, 214, 223, 226, 236, 238, 239, 240, 242, 247, 248, 250, 257, 265, 275, 277, 280, 281, 282, 284, 290, 291, 298, 307, 331, 332, 334, 335, 336, 340, 341, 342, 345, 346, 347, 350, 351, 352, 353, 355], "summary": {"covered_lines": 101, "num_statements": 101, "percent_covered": 100.0, "percent_covered_display": "100", "missing_lines": 0, "excluded_lines": 0, "percent_statements_covered": 100.0, "percent_statements_covered_display": "100"}, "missing_lines": [], "excluded_lines": [], "functions": {"HealthMonitor.__init__": {"executed_lines": [43, 44, 45, 46, 47, 48], "summary": {"covered_lines": 6, "num_statements": 6, "percent_covered": 100.0, "percent_covered_display": "100", "missing_lines": 0, "excluded_lines": 0, "percent_statements_covered": 100.0, "percent_statements_covered_display": "100"}, "missing_lines": [], "excluded_lines": []}, "HealthMonitor.register_circuit_breaker": {"executed_lines": [58], "summary": {"covered_lines": 1, "num_statements": 1, "percent_covered": 100.0, "percent_covered_display": "100", "missing_lines": 0, "excluded_lines": 0, "percent_statements_covered": 100.0, "percent_statements_covered_display": "100"}, "missing_lines": [], "excluded_lines": []}, "HealthMonitor.record_latency": {"executed_lines": [68, 69, 71], "summary": {"covered_lines": 3, "num_statements": 3, "percent_covered": 100.0, "percent_covered_display": "100", "missing_lines": 0, "excluded_lines": 0, "percent_statements_covered": 100.0, "percent_statements_covered_display": "100"}, "missing_lines": [], "excluded_lines": []}, "HealthMonitor.record_error": {"executed_lines": [87, 93, 94, 96], "summary": {"covered_lines": 4, "num_statements": 4, "percent_covered": 100.0, "percent_covered_display": "100", "missing_lines": 0, "excluded_lines": 0, "percent_statements_covered": 100.0, "percent_statements_covered_display": "100"}, "missing_lines": [], "excluded_lines": []}, "HealthMonitor.get_endpoint_latencies": {"executed_lines": [110], "summary": {"covered_lines": 1, "num_statements": 1, "percent_covered": 100.0, "percent_covered_display": "100", "missing_lines": 0, "excluded_lines": 0, "percent_statements_covered": 100.0, "percent_statements_covered_display": "100"}, "missing_lines": [], "excluded_lines": []}, "HealthMonitor.get_recent_errors": {"executed_lines": [122], "summary": {"covered_lines": 1, "num_statements": 1, "percent_covered": 100.0, "percent_covered_display": "100", "missing_lines": 0, "excluded_lines": 0, "percent_statements_covered": 100.0, "percent_statements_covered_display": "100"}, "missing_lines": [], "excluded_lines": []}, "HealthMonitor.get_circuit_breaker_states": {"executed_lines": [131, 133, 134, 139], "summary": {"covered_lines": 4, "num_statements": 4, "percent_covered": 100.0, "percent_covered_display": "100", "missing_lines": 0, "excluded_lines": 0, "percent_statements_covered": 100.0, "percent_statements_covered_display": "100"}, "missing_lines": [], "excluded_lines": []}, "HealthMonitor.get_cached_metrics": {"executed_lines": [148, 149, 153, 155], "summary": {"covered_lines": 4, "num_statements": 4, "percent_covered": 100.0, "percent_covered_display": "100", "missing_lines": 0, "excluded_lines": 0, "percent_statements_covered": 100.0, "percent_statements_covered_display": "100"}, "missing_lines": [], "excluded_lines": []}, "HealthMonitor.set_cached_metrics": {"executed_lines": [164, 165], "summary": {"covered_lines": 2, "num_statements": 2, "percent_covered": 100.0, "percent_covered_display": "100", "missing_lines": 0, "excluded_lines": 0, "percent_statements_covered": 100.0, "percent_statements_covered_display": "100"}, "missing_lines": [], "excluded_lines": []}, "HealthMonitor.clear_cache": {"executed_lines": [169, 170], "summary": {"covered_lines": 2, "num_statements": 2, "percent_covered": 100.0, "percent_covered_display": "100", "missing_lines": 0, "excluded_lines": 0, "percent_statements_covered": 100.0, "percent_statements_covered_display": "100"}, "missing_lines": [], "excluded_lines": []}, "LatencyTrackingMiddleware.dispatch": {"executed_lines": [196, 197, 200, 201, 203, 204, 205, 208, 209, 211, 212, 214, 223], "summary": {"covered_lines": 13, "num_statements": 13, "percent_covered": 100.0, "percent_covered_display": "100", "missing_lines": 0, "excluded_lines": 0, "percent_statements_covered": 100.0, "percent_statements_covered_display": "100"}, "missing_lines": [], "excluded_lines": []}, "check_database_health": {"executed_lines": [236, 238, 239, 240, 242, 247, 248, 250, 257], "summary": {"covered_lines": 9, "num_statements": 9, "percent_covered": 100.0, "percent_covered_display": "100", "missing_lines": 0, "excluded_lines": 0, "percent_statements_covered": 100.0, "percent_statements_covered_display": "100"}, "missing_lines": [], "excluded_lines": []}, "check_storage_space": {"executed_lines": [275, 277, 280, 281, 282, 284, 290, 291, 298], "summary": {"covered_lines": 9, "num_statements": 9, "percent_covered": 100.0, "percent_covered_display": "100", "missing_lines": 0, "excluded_lines": 0, "percent_statements_covered": 100.0, "percent_statements_covered_display": "100"}, "missing_lines": [], "excluded_lines": []}, "determine_health_status": {"executed_lines": [331, 332, 334, 335, 336, 340, 341, 342, 345, 346, 347, 350, 351, 352, 353, 355], "summary": {"covered_lines": 16, "num_statements": 16, "percent_covered": 100.0, "percent_covered_display": "100", "missing_lines": 0, "excluded_lines": 0, "percent_statements_covered": 100.0, "percent_statements_covered_display": "100"}, "missing_lines": [], "excluded_lines": []}, "": {"executed_lines": [1, 8, 10, 11, 12, 13, 14, 16, 17, 19, 30, 31, 41, 50, 60, 73, 103, 115, 124, 141, 157, 167, 174, 177, 178, 184, 226, 265, 307], "summary": {"covered_lines": 26, "num_statements": 26, "percent_covered": 100.0, "percent_covered_display": "100", "missing_lines": 0, "excluded_lines": 0, "percent_statements_covered": 100.0, "percent_statements_covered_display": "100"}, "missing_lines": [], "excluded_lines": []}}, "classes": {"HealthMonitor": {"executed_lines": [43, 44, 45, 46, 47, 48, 58, 68, 69, 71, 87, 93, 94, 96, 110, 122, 131, 133, 134, 139, 148, 149, 153, 155, 164, 165, 169, 170], "summary": {"covered_lines": 28, "num_statements": 28, "percent_covered": 100.0, "percent_covered_display": "100", "missing_lines": 0, "excluded_lines": 0, "percent_statements_covered": 100.0, "percent_statements_covered_display": "100"}, "missing_lines": [], "excluded_lines": []}, "LatencyTrackingMiddleware": {"executed_lines": [196, 197, 200, 201, 203, 204, 205, 208, 209, 211, 212, 214, 223], "summary": {"covered_lines": 13, "num_statements": 13, "percent_covered": 100.0, "percent_covered_display": "100", "missing_lines": 0, "excluded_lines": 0, "percent_statements_covered": 100.0, "percent_statements_covered_display": "100"}, "missing_lines": [], "excluded_lines": []}, "": {"executed_lines": [1, 8, 10, 11, 12, 13, 14, 16, 17, 19, 30, 31, 41, 50, 60, 73, 103, 115, 124, 141, 157, 167, 174, 177, 178, 184, 226, 236, 238, 239, 240, 242, 247, 248, 250, 257, 265, 275, 277, 280, 281, 282, 284, 290, 291, 298, 307, 331, 332, 334, 335, 336, 340, 341, 342, 345, 346, 347, 350, 351, 352, 353, 355], "summary": {"covered_lines": 60, "num_statements": 60, "percent_covered": 100.0, "percent_covered_display": "100", "missing_lines": 0, "excluded_lines": 0, "percent_statements_covered": 100.0, "percent_statements_covered_display": "100"}, "missing_lines": [], "excluded_lines": []}}}, "arc_saga\\api\\server.py": {"executed_lines": [1, 6, 7, 8, 9, 10, 11, 13, 14, 15, 16, 19, 20, 23, 24, 27, 36, 37, 39, 40, 41, 44, 45, 63, 64, 65, 66, 67, 68, 71, 72, 73, 74, 75, 76, 77, 80, 81, 82, 83, 90, 91, 105, 113, 122, 129, 130, 181, 182, 238, 239, 278, 279, 315, 316, 349, 350, 392, 393, 395, 396, 399, 400, 402, 403, 404, 405, 408, 409, 411, 412, 413, 414, 415, 418, 419, 421, 422, 425, 426, 428, 429, 430, 431, 432, 433, 434, 437, 438, 440, 441, 442, 443, 446, 447, 454, 456, 459, 462, 465, 468, 475, 493, 494, 501, 503, 506, 509, 512, 515, 518, 526, 527, 528, 533, 573, 574, 583, 585, 587, 588, 591, 592, 595, 596, 598, 606, 608, 609, 610, 617, 625, 626, 675], "summary": {"covered_lines": 127, "num_statements": 227, "percent_covered": 55.947136563876654, "percent_covered_display": "56", "missing_lines": 100, "excluded_lines": 0, "percent_statements_covered": 55.947136563876654, "percent_statements_covered_display": "56"}, "missing_lines": [46, 47, 48, 53, 57, 58, 94, 95, 96, 97, 98, 100, 134, 145, 148, 151, 161, 162, 165, 167, 173, 174, 188, 190, 196, 197, 198, 199, 200, 203, 204, 205, 211, 214, 218, 220, 234, 235, 242, 244, 246, 247, 249, 265, 266, 267, 268, 282, 284, 286, 292, 307, 308, 322, 324, 325, 333, 338, 339, 353, 354, 360, 361, 362, 363, 369, 370, 375, 377, 479, 481, 487, 542, 544, 551, 593, 629, 631, 633, 634, 636, 637, 638, 640, 641, 642, 650, 651, 652, 653, 654, 657, 658, 661, 662, 664, 668, 669, 676, 677], "excluded_lines": [], "functions": {"lifespan": {"executed_lines": [], "summary": {"covered_lines": 0, "num_statements": 6, "percent_covered": 0.0, "percent_covered_display": "0", "missing_lines": 6, "excluded_lines": 0, "percent_statements_covered": 0.0, "percent_statements_covered_display": "0"}, "missing_lines": [94, 95, 96, 97, 98, 100], "excluded_lines": []}, "capture_message": {"executed_lines": [], "summary": {"covered_lines": 0, "num_statements": 10, "percent_covered": 0.0, "percent_covered_display": "0", "missing_lines": 10, "excluded_lines": 0, "percent_statements_covered": 0.0, "percent_statements_covered_display": "0"}, "missing_lines": [134, 145, 148, 151, 161, 162, 165, 167, 173, 174], "excluded_lines": []}, "get_recent_context": {"executed_lines": [], "summary": {"covered_lines": 0, "num_statements": 16, "percent_covered": 0.0, "percent_covered_display": "0", "missing_lines": 16, "excluded_lines": 0, "percent_statements_covered": 0.0, "percent_statements_covered_display": "0"}, "missing_lines": [188, 190, 196, 197, 198, 199, 200, 203, 204, 205, 211, 214, 218, 220, 234, 235], "excluded_lines": []}, "get_thread": {"executed_lines": [], "summary": {"covered_lines": 0, "num_statements": 9, "percent_covered": 0.0, "percent_covered_display": "0", "missing_lines": 9, "excluded_lines": 0, "percent_statements_covered": 0.0, "percent_statements_covered_display": "0"}, "missing_lines": [242, 244, 246, 247, 249, 265, 266, 267, 268], "excluded_lines": []}, "search_memory": {"executed_lines": [], "summary": {"covered_lines": 0, "num_statements": 6, "percent_covered": 0.0, "percent_covered_display": "0", "missing_lines": 6, "excluded_lines": 0, "percent_statements_covered": 0.0, "percent_statements_covered_display": "0"}, "missing_lines": [282, 284, 286, 292, 307, 308], "excluded_lines": []}, "attach_file": {"executed_lines": [], "summary": {"covered_lines": 0, "num_statements": 6, "percent_covered": 0.0, "percent_covered_display": "0", "missing_lines": 6, "excluded_lines": 0, "percent_statements_covered": 0.0, "percent_statements_covered_display": "0"}, "missing_lines": [322, 324, 325, 333, 338, 339], "excluded_lines": []}, "ask_perplexity": {"executed_lines": [], "summary": {"covered_lines": 0, "num_statements": 8, "percent_covered": 0.0, "percent_covered_display": "0", "missing_lines": 8, "excluded_lines": 0, "percent_statements_covered": 0.0, "percent_statements_covered_display": "0"}, "missing_lines": [353, 354, 360, 361, 362, 363, 369, 377], "excluded_lines": []}, "ask_perplexity.stream_response": {"executed_lines": [], "summary": {"covered_lines": 0, "num_statements": 2, "percent_covered": 0.0, "percent_covered_display": "0", "missing_lines": 2, "excluded_lines": 0, "percent_statements_covered": 0.0, "percent_statements_covered_display": "0"}, "missing_lines": [370, 375], "excluded_lines": []}, "health_check": {"executed_lines": [454, 456, 459, 462, 465, 468, 475], "summary": {"covered_lines": 7, "num_statements": 10, "percent_covered": 70.0, "percent_covered_display": "70", "missing_lines": 3, "excluded_lines": 0, "percent_statements_covered": 70.0, "percent_statements_covered_display": "70"}, "missing_lines": [479, 481, 487], "excluded_lines": []}, "detailed_health_check": {"executed_lines": [501, 503, 506, 509, 512, 515, 518, 526, 527, 528, 533], "summary": {"covered_lines": 11, "num_statements": 14, "percent_covered": 78.57142857142857, "percent_covered_display": "79", "missing_lines": 3, "excluded_lines": 0, "percent_statements_covered": 78.57142857142857, "percent_statements_covered_display": "79"}, "missing_lines": [542, 544, 551], "excluded_lines": []}, "get_metrics": {"executed_lines": [583, 585, 587, 588, 591, 592, 595, 596, 598, 606, 608, 609, 610, 617], "summary": {"covered_lines": 14, "num_statements": 15, "percent_covered": 93.33333333333333, "percent_covered_display": "93", "missing_lines": 1, "excluded_lines": 0, "percent_statements_covered": 93.33333333333333, "percent_statements_covered_display": "93"}, "missing_lines": [593], "excluded_lines": []}, "list_threads": {"executed_lines": [], "summary": {"covered_lines": 0, "num_statements": 22, "percent_covered": 0.0, "percent_covered_display": "0", "missing_lines": 22, "excluded_lines": 0, "percent_statements_covered": 0.0, "percent_statements_covered_display": "0"}, "missing_lines": [629, 631, 633, 634, 636, 637, 638, 640, 641, 642, 650, 651, 652, 653, 654, 657, 658, 661, 662, 664, 668, 669], "excluded_lines": []}, "": {"executed_lines": [1, 6, 7, 8, 9, 10, 11, 13, 14, 15, 16, 19, 20, 23, 24, 27, 36, 37, 39, 40, 41, 44, 45, 63, 64, 65, 66, 67, 68, 71, 72, 73, 74, 75, 76, 77, 80, 81, 82, 83, 90, 91, 105, 113, 122, 129, 130, 181, 182, 238, 239, 278, 279, 315, 316, 349, 350, 392, 393, 395, 396, 399, 400, 402, 403, 404, 405, 408, 409, 411, 412, 413, 414, 415, 418, 419, 421, 422, 425, 426, 428, 429, 430, 431, 432, 433, 434, 437, 438, 440, 441, 442, 443, 446, 447, 493, 494, 573, 574, 625, 626, 675], "summary": {"covered_lines": 95, "num_statements": 103, "percent_covered": 92.23300970873787, "percent_covered_display": "92", "missing_lines": 8, "excluded_lines": 0, "percent_statements_covered": 92.23300970873787, "percent_statements_covered_display": "92"}, "missing_lines": [46, 47, 48, 53, 57, 58, 676, 677], "excluded_lines": []}}, "classes": {"CaptureRequest": {"executed_lines": [], "summary": {"covered_lines": 0, "num_statements": 0, "percent_covered": 100.0, "percent_covered_display": "100", "missing_lines": 0, "excluded_lines": 0, "percent_statements_covered": 100.0, "percent_statements_covered_display": "100"}, "missing_lines": [], "excluded_lines": []}, "SearchRequest": {"executed_lines": [], "summary": {"covered_lines": 0, "num_statements": 0, "percent_covered": 100.0, "percent_covered_display": "100", "missing_lines": 0, "excluded_lines": 0, "percent_statements_covered": 100.0, "percent_statements_covered_display": "100"}, "missing_lines": [], "excluded_lines": []}, "PerplexityRequest": {"executed_lines": [], "summary": {"covered_lines": 0, "num_statements": 0, "percent_covered": 100.0, "percent_covered_display": "100", "missing_lines": 0, "excluded_lines": 0, "percent_statements_covered": 100.0, "percent_statements_covered_display": "100"}, "missing_lines": [], "excluded_lines": []}, "HealthStatusResponse": {"executed_lines": [], "summary": {"covered_lines": 0, "num_statements": 0, "percent_covered": 100.0, "percent_covered_display": "100", "missing_lines": 0, "excluded_lines": 0, "percent_statements_covered": 100.0, "percent_statements_covered_display": "100"}, "missing_lines": [], "excluded_lines": []}, "DatabaseHealth": {"executed_lines": [], "summary": {"covered_lines": 0, "num_statements": 0, "percent_covered": 100.0, "percent_covered_display": "100", "missing_lines": 0, "excluded_lines": 0, "percent_statements_covered": 100.0, "percent_statements_covered_display": "100"}, "missing_lines": [], "excluded_lines": []}, "StorageSpace": {"executed_lines": [], "summary": {"covered_lines": 0, "num_statements": 0, "percent_covered": 100.0, "percent_covered_display": "100", "missing_lines": 0, "excluded_lines": 0, "percent_statements_covered": 100.0, "percent_statements_covered_display": "100"}, "missing_lines": [], "excluded_lines": []}, "CircuitBreakerInfo": {"executed_lines": [], "summary": {"covered_lines": 0, "num_statements": 0, "percent_covered": 100.0, "percent_covered_display": "100", "missing_lines": 0, "excluded_lines": 0, "percent_statements_covered": 100.0, "percent_statements_covered_display": "100"}, "missing_lines": [], "excluded_lines": []}, "DetailedHealthResponse": {"executed_lines": [], "summary": {"covered_lines": 0, "num_statements": 0, "percent_covered": 100.0, "percent_covered_display": "100", "missing_lines": 0, "excluded_lines": 0, "percent_statements_covered": 100.0, "percent_statements_covered_display": "100"}, "missing_lines": [], "excluded_lines": []}, "MetricsResponse": {"executed_lines": [], "summary": {"covered_lines": 0, "num_statements": 0, "percent_covered": 100.0, "percent_covered_display": "100", "missing_lines": 0, "excluded_lines": 0, "percent_statements_covered": 100.0, "percent_statements_covered_display": "100"}, "missing_lines": [], "excluded_lines": []}, "": {"executed_lines": [1, 6, 7, 8, 9, 10, 11, 13, 14, 15, 16, 19, 20, 23, 24, 27, 36, 37, 39, 40, 41, 44, 45, 63, 64, 65, 66, 67, 68, 71, 72, 73, 74, 75, 76, 77, 80, 81, 82, 83, 90, 91, 105, 113, 122, 129, 130, 181, 182, 238, 239, 278, 279, 315, 316, 349, 350, 392, 393, 395, 396, 399, 400, 402, 403, 404, 405, 408, 409, 411, 412, 413, 414, 415, 418, 419, 421, 422, 425, 426, 428, 429, 430, 431, 432, 433, 434, 437, 438, 440, 441, 442, 443, 446, 447, 454, 456, 459, 462, 465, 468, 475, 493, 494, 501, 503, 506, 509, 512, 515, 518, 526, 527, 528, 533, 573, 574, 583, 585, 587, 588, 591, 592, 595, 596, 598, 606, 608, 609, 610, 617, 625, 626, 675], "summary": {"covered_lines": 127, "num_statements": 227, "percent_covered": 55.947136563876654, "percent_covered_display": "56", "missing_lines": 100, "excluded_lines": 0, "percent_statements_covered": 55.947136563876654, "percent_statements_covered_display": "56"}, "missing_lines": [46, 47, 48, 53, 57, 58, 94, 95, 96, 97, 98, 100, 134, 145, 148, 151, 161, 162, 165, 167, 173, 174, 188, 190, 196, 197, 198, 199, 200, 203, 204, 205, 211, 214, 218, 220, 234, 235, 242, 244, 246, 247, 249, 265, 266, 267, 268, 282, 284, 286, 292, 307, 308, 322, 324, 325, 333, 338, 339, 353, 354, 360, 361, 362, 363, 369, 370, 375, 377, 479, 481, 487, 542, 544, 551, 593, 629, 631, 633, 634, 636, 637, 638, 640, 641, 642, 650, 651, 652, 653, 654, 657, 658, 661, 662, 664, 668, 669, 676, 677], "excluded_lines": []}}}, "arc_saga\\core\\__init__.py": {"executed_lines": [], "summary": {"covered_lines": 0, "num_statements": 0, "percent_covered": 100.0, "percent_covered_display": "100", "missing_lines": 0, "excluded_lines": 0, "percent_statements_covered": 100.0, "percent_statements_covered_display": "100"}, "missing_lines": [], "excluded_lines": [], "functions": {"": {"executed_lines": [], "summary": {"covered_lines": 0, "num_statements": 0, "percent_covered": 100.0, "percent_covered_display": "100", "missing_lines": 0, "excluded_lines": 0, "percent_statements_covered": 100.0, "percent_statements_covered_display": "100"}, "missing_lines": [], "excluded_lines": []}}, "classes": {"": {"executed_lines": [], "summary": {"covered_lines": 0, "num_statements": 0, "percent_covered": 100.0, "percent_covered_display": "100", "missing_lines": 0, "excluded_lines": 0, "percent_statements_covered": 100.0, "percent_statements_covered_display": "100"}, "missing_lines": [], "excluded_lines": []}}}, "arc_saga\\error_instrumentation.py": {"executed_lines": [1, 7, 8, 9, 10, 11, 12, 13, 14, 17, 22, 32, 41, 47, 48, 49, 50, 51, 53, 55, 57, 58, 59, 60, 61, 62, 64, 73, 74, 81, 82, 83, 84, 85, 86, 89, 91, 92, 94, 95, 96, 98, 99, 100, 102, 103, 105, 106, 107, 109, 110, 111, 113, 114, 115, 117, 118, 119, 121, 122, 124, 133, 134, 142, 143, 147, 153, 154, 155, 156, 157, 159, 160, 170, 171, 181, 182, 184, 185, 186, 187, 188, 189, 190, 191, 193, 194, 195, 196, 198, 200, 201, 202, 210, 211, 212, 213, 214, 221, 222, 223, 224, 225, 227, 228, 229, 230, 231, 233, 234], "summary": {"covered_lines": 106, "num_statements": 111, "percent_covered": 95.49549549549549, "percent_covered_display": "95", "missing_lines": 5, "excluded_lines": 0, "percent_statements_covered": 95.49549549549549, "percent_statements_covered_display": "95"}, "missing_lines": [87, 101, 108, 116, 125], "excluded_lines": [], "functions": {"create_request_context": {"executed_lines": [32], "summary": {"covered_lines": 1, "num_statements": 1, "percent_covered": 100.0, "percent_covered_display": "100", "missing_lines": 0, "excluded_lines": 0, "percent_statements_covered": 100.0, "percent_statements_covered_display": "100"}, "missing_lines": [], "excluded_lines": []}, "get_request_context": {"executed_lines": [47, 48, 49, 50, 51], "summary": {"covered_lines": 5, "num_statements": 5, "percent_covered": 100.0, "percent_covered_display": "100", "missing_lines": 0, "excluded_lines": 0, "percent_statements_covered": 100.0, "percent_statements_covered_display": "100"}, "missing_lines": [], "excluded_lines": []}, "get_correlation_id": {"executed_lines": [55], "summary": {"covered_lines": 1, "num_statements": 1, "percent_covered": 100.0, "percent_covered_display": "100", "missing_lines": 0, "excluded_lines": 0, "percent_statements_covered": 100.0, "percent_statements_covered_display": "100"}, "missing_lines": [], "excluded_lines": []}, "log_with_context": {"executed_lines": [73, 74, 81, 82, 83, 84, 85, 86, 89], "summary": {"covered_lines": 9, "num_statements": 10, "percent_covered": 90.0, "percent_covered_display": "90", "missing_lines": 1, "excluded_lines": 0, "percent_statements_covered": 90.0, "percent_statements_covered_display": "90"}, "missing_lines": [87], "excluded_lines": []}, "LatencyMetrics.__init__": {"executed_lines": [95, 96], "summary": {"covered_lines": 2, "num_statements": 2, "percent_covered": 100.0, "percent_covered_display": "100", "missing_lines": 0, "excluded_lines": 0, "percent_statements_covered": 100.0, "percent_statements_covered_display": "100"}, "missing_lines": [], "excluded_lines": []}, "LatencyMetrics.p50": {"executed_lines": [100, 102, 103], "summary": {"covered_lines": 3, "num_statements": 4, "percent_covered": 75.0, "percent_covered_display": "75", "missing_lines": 1, "excluded_lines": 0, "percent_statements_covered": 75.0, "percent_statements_covered_display": "75"}, "missing_lines": [101], "excluded_lines": []}, "LatencyMetrics.p95": {"executed_lines": [107, 109, 110, 111], "summary": {"covered_lines": 4, "num_statements": 5, "percent_covered": 80.0, "percent_covered_display": "80", "missing_lines": 1, "excluded_lines": 0, "percent_statements_covered": 80.0, "percent_statements_covered_display": "80"}, "missing_lines": [108], "excluded_lines": []}, "LatencyMetrics.p99": {"executed_lines": [115, 117, 118, 119], "summary": {"covered_lines": 4, "num_statements": 5, "percent_covered": 80.0, "percent_covered_display": "80", "missing_lines": 1, "excluded_lines": 0, "percent_statements_covered": 80.0, "percent_statements_covered_display": "80"}, "missing_lines": [116], "excluded_lines": []}, "LatencyMetrics.add": {"executed_lines": [122, 124], "summary": {"covered_lines": 2, "num_statements": 3, "percent_covered": 66.66666666666667, "percent_covered_display": "67", "missing_lines": 1, "excluded_lines": 0, "percent_statements_covered": 66.66666666666667, "percent_statements_covered_display": "67"}, "missing_lines": [125], "excluded_lines": []}, "LatencyMetrics.to_dict": {"executed_lines": [134], "summary": {"covered_lines": 1, "num_statements": 1, "percent_covered": 100.0, "percent_covered_display": "100", "missing_lines": 0, "excluded_lines": 0, "percent_statements_covered": 100.0, "percent_statements_covered_display": "100"}, "missing_lines": [], "excluded_lines": []}, "ErrorContext.__init__": {"executed_lines": [153, 154, 155, 156, 157], "summary": {"covered_lines": 5, "num_statements": 5, "percent_covered": 100.0, "percent_covered_display": "100", "missing_lines": 0, "excluded_lines": 0, "percent_statements_covered": 100.0, "percent_statements_covered_display": "100"}, "missing_lines": [], "excluded_lines": []}, "ErrorContext.log": {"executed_lines": [160], "summary": {"covered_lines": 1, "num_statements": 1, "percent_covered": 100.0, "percent_covered_display": "100", "missing_lines": 0, "excluded_lines": 0, "percent_statements_covered": 100.0, "percent_statements_covered_display": "100"}, "missing_lines": [], "excluded_lines": []}, "ErrorContext.to_dict": {"executed_lines": [171], "summary": {"covered_lines": 1, "num_statements": 1, "percent_covered": 100.0, "percent_covered_display": "100", "missing_lines": 0, "excluded_lines": 0, "percent_statements_covered": 100.0, "percent_statements_covered_display": "100"}, "missing_lines": [], "excluded_lines": []}, "CircuitBreakerMetrics.__init__": {"executed_lines": [185, 186, 187, 188, 189, 190, 191], "summary": {"covered_lines": 7, "num_statements": 7, "percent_covered": 100.0, "percent_covered_display": "100", "missing_lines": 0, "excluded_lines": 0, "percent_statements_covered": 100.0, "percent_statements_covered_display": "100"}, "missing_lines": [], "excluded_lines": []}, "CircuitBreakerMetrics.record_call": {"executed_lines": [194, 195, 196, 198], "summary": {"covered_lines": 4, "num_statements": 4, "percent_covered": 100.0, "percent_covered_display": "100", "missing_lines": 0, "excluded_lines": 0, "percent_statements_covered": 100.0, "percent_statements_covered_display": "100"}, "missing_lines": [], "excluded_lines": []}, "CircuitBreakerMetrics.record_circuit_open": {"executed_lines": [201, 202], "summary": {"covered_lines": 2, "num_statements": 2, "percent_covered": 100.0, "percent_covered_display": "100", "missing_lines": 0, "excluded_lines": 0, "percent_statements_covered": 100.0, "percent_statements_covered_display": "100"}, "missing_lines": [], "excluded_lines": []}, "CircuitBreakerMetrics.record_recovery_attempt": {"executed_lines": [211, 212, 213, 214], "summary": {"covered_lines": 4, "num_statements": 4, "percent_covered": 100.0, "percent_covered_display": "100", "missing_lines": 0, "excluded_lines": 0, "percent_statements_covered": 100.0, "percent_statements_covered_display": "100"}, "missing_lines": [], "excluded_lines": []}, "CircuitBreakerMetrics.success_rate": {"executed_lines": [223, 224, 225], "summary": {"covered_lines": 3, "num_statements": 3, "percent_covered": 100.0, "percent_covered_display": "100", "missing_lines": 0, "excluded_lines": 0, "percent_statements_covered": 100.0, "percent_statements_covered_display": "100"}, "missing_lines": [], "excluded_lines": []}, "CircuitBreakerMetrics.recovery_rate": {"executed_lines": [229, 230, 231], "summary": {"covered_lines": 3, "num_statements": 3, "percent_covered": 100.0, "percent_covered_display": "100", "missing_lines": 0, "excluded_lines": 0, "percent_statements_covered": 100.0, "percent_statements_covered_display": "100"}, "missing_lines": [], "excluded_lines": []}, "CircuitBreakerMetrics.to_dict": {"executed_lines": [234], "summary": {"covered_lines": 1, "num_statements": 1, "percent_covered": 100.0, "percent_covered_display": "100", "missing_lines": 0, "excluded_lines": 0, "percent_statements_covered": 100.0, "percent_statements_covered_display": "100"}, "missing_lines": [], "excluded_lines": []}, "": {"executed_lines": [1, 7, 8, 9, 10, 11, 12, 13, 14, 17, 22, 41, 53, 57, 58, 59, 60, 61, 62, 64, 91, 92, 94, 98, 99, 105, 106, 113, 114, 121, 133, 142, 143, 147, 159, 170, 181, 182, 184, 193, 200, 210, 221, 222, 227, 228, 233], "summary": {"covered_lines": 43, "num_statements": 43, "percent_covered": 100.0, "percent_covered_display": "100", "missing_lines": 0, "excluded_lines": 0, "percent_statements_covered": 100.0, "percent_statements_covered_display": "100"}, "missing_lines": [], "excluded_lines": []}}, "classes": {"LogLevel": {"executed_lines": [], "summary": {"covered_lines": 0, "num_statements": 0, "percent_covered": 100.0, "percent_covered_display": "100", "missing_lines": 0, "excluded_lines": 0, "percent_statements_covered": 100.0, "percent_statements_covered_display": "100"}, "missing_lines": [], "excluded_lines": []}, "LatencyMetrics": {"executed_lines": [95, 96, 100, 102, 103, 107, 109, 110, 111, 115, 117, 118, 119, 122, 124, 134], "summary": {"covered_lines": 16, "num_statements": 20, "percent_covered": 80.0, "percent_covered_display": "80", "missing_lines": 4, "excluded_lines": 0, "percent_statements_covered": 80.0, "percent_statements_covered_display": "80"}, "missing_lines": [101, 108, 116, 125], "excluded_lines": []}, "ErrorContext": {"executed_lines": [153, 154, 155, 156, 157, 160, 171], "summary": {"covered_lines": 7, "num_statements": 7, "percent_covered": 100.0, "percent_covered_display": "100", "missing_lines": 0, "excluded_lines": 0, "percent_statements_covered": 100.0, "percent_statements_covered_display": "100"}, "missing_lines": [], "excluded_lines": []}, "CircuitBreakerMetrics": {"executed_lines": [185, 186, 187, 188, 189, 190, 191, 194, 195, 196, 198, 201, 202, 211, 212, 213, 214, 223, 224, 225, 229, 230, 231, 234], "summary": {"covered_lines": 24, "num_statements": 24, "percent_covered": 100.0, "percent_covered_display": "100", "missing_lines": 0, "excluded_lines": 0, "percent_statements_covered": 100.0, "percent_statements_covered_display": "100"}, "missing_lines": [], "excluded_lines": []}, "": {"executed_lines": [1, 7, 8, 9, 10, 11, 12, 13, 14, 17, 22, 32, 41, 47, 48, 49, 50, 51, 53, 55, 57, 58, 59, 60, 61, 62, 64, 73, 74, 81, 82, 83, 84, 85, 86, 89, 91, 92, 94, 98, 99, 105, 106, 113, 114, 121, 133, 142, 143, 147, 159, 170, 181, 182, 184, 193, 200, 210, 221, 222, 227, 228, 233], "summary": {"covered_lines": 59, "num_statements": 60, "percent_covered": 98.33333333333333, "percent_covered_display": "98", "missing_lines": 1, "excluded_lines": 0, "percent_statements_covered": 98.33333333333333, "percent_statements_covered_display": "98"}, "missing_lines": [87], "excluded_lines": []}}}, "arc_saga\\exceptions\\__init__.py": {"executed_lines": [1, 6, 14], "summary": {"covered_lines": 2, "num_statements": 2, "percent_covered": 100.0, "percent_covered_display": "100", "missing_lines": 0, "excluded_lines": 0, "percent_statements_covered": 100.0, "percent_statements_covered_display": "100"}, "missing_lines": [], "excluded_lines": [], "functions": {"": {"executed_lines": [1, 6, 14], "summary": {"covered_lines": 2, "num_statements": 2, "percent_covered": 100.0, "percent_covered_display": "100", "missing_lines": 0, "excluded_lines": 0, "percent_statements_covered": 100.0, "percent_statements_covered_display": "100"}, "missing_lines": [], "excluded_lines": []}}, "classes": {"": {"executed_lines": [1, 6, 14], "summary": {"covered_lines": 2, "num_statements": 2, "percent_covered": 100.0, "percent_covered_display": "100", "missing_lines": 0, "excluded_lines": 0, "percent_statements_covered": 100.0, "percent_statements_covered_display": "100"}, "missing_lines": [], "excluded_lines": []}}}, "arc_saga\\exceptions\\storage_exceptions.py": {"executed_lines": [1, 7, 8, 10, 16, 17, 19, 27, 28, 30, 38, 39, 41, 49, 50, 52], "summary": {"covered_lines": 10, "num_statements": 21, "percent_covered": 47.61904761904762, "percent_covered_display": "48", "missing_lines": 11, "excluded_lines": 0, "percent_statements_covered": 47.61904761904762, "percent_statements_covered_display": "48"}, "missing_lines": [11, 12, 13, 20, 24, 31, 35, 42, 46, 53, 57], "excluded_lines": [], "functions": {"ArcSagaException.__init__": {"executed_lines": [], "summary": {"covered_lines": 0, "num_statements": 3, "percent_covered": 0.0, "percent_covered_display": "0", "missing_lines": 3, "excluded_lines": 0, "percent_statements_covered": 0.0, "percent_statements_covered_display": "0"}, "missing_lines": [11, 12, 13], "excluded_lines": []}, "StorageError.__init__": {"executed_lines": [], "summary": {"covered_lines": 0, "num_statements": 2, "percent_covered": 0.0, "percent_covered_display": "0", "missing_lines": 2, "excluded_lines": 0, "percent_statements_covered": 0.0, "percent_statements_covered_display": "0"}, "missing_lines": [20, 24], "excluded_lines": []}, "ValidationError.__init__": {"executed_lines": [], "summary": {"covered_lines": 0, "num_statements": 2, "percent_covered": 0.0, "percent_covered_display": "0", "missing_lines": 2, "excluded_lines": 0, "percent_statements_covered": 0.0, "percent_statements_covered_display": "0"}, "missing_lines": [31, 35], "excluded_lines": []}, "FileProcessingError.__init__": {"executed_lines": [], "summary": {"covered_lines": 0, "num_statements": 2, "percent_covered": 0.0, "percent_covered_display": "0", "missing_lines": 2, "excluded_lines": 0, "percent_statements_covered": 0.0, "percent_statements_covered_display": "0"}, "missing_lines": [42, 46], "excluded_lines": []}, "MonitoringError.__init__": {"executed_lines": [], "summary": {"covered_lines": 0, "num_statements": 2, "percent_covered": 0.0, "percent_covered_display": "0", "missing_lines": 2, "excluded_lines": 0, "percent_statements_covered": 0.0, "percent_statements_covered_display": "0"}, "missing_lines": [53, 57], "excluded_lines": []}, "": {"executed_lines": [1, 7, 8, 10, 16, 17, 19, 27, 28, 30, 38, 39, 41, 49, 50, 52], "summary": {"covered_lines": 10, "num_statements": 10, "percent_covered": 100.0, "percent_covered_display": "100", "missing_lines": 0, "excluded_lines": 0, "percent_statements_covered": 100.0, "percent_statements_covered_display": "100"}, "missing_lines": [], "excluded_lines": []}}, "classes": {"ArcSagaException": {"executed_lines": [], "summary": {"covered_lines": 0, "num_statements": 3, "percent_covered": 0.0, "percent_covered_display": "0", "missing_lines": 3, "excluded_lines": 0, "percent_statements_covered": 0.0, "percent_statements_covered_display": "0"}, "missing_lines": [11, 12, 13], "excluded_lines": []}, "StorageError": {"executed_lines": [], "summary": {"covered_lines": 0, "num_statements": 2, "percent_covered": 0.0, "percent_covered_display": "0", "missing_lines": 2, "excluded_lines": 0, "percent_statements_covered": 0.0, "percent_statements_covered_display": "0"}, "missing_lines": [20, 24], "excluded_lines": []}, "ValidationError": {"executed_lines": [], "summary": {"covered_lines": 0, "num_statements": 2, "percent_covered": 0.0, "percent_covered_display": "0", "missing_lines": 2, "excluded_lines": 0, "percent_statements_covered": 0.0, "percent_statements_covered_display": "0"}, "missing_lines": [31, 35], "excluded_lines": []}, "FileProcessingError": {"executed_lines": [], "summary": {"covered_lines": 0, "num_statements": 2, "percent_covered": 0.0, "percent_covered_display": "0", "missing_lines": 2, "excluded_lines": 0, "percent_statements_covered": 0.0, "percent_statements_covered_display": "0"}, "missing_lines": [42, 46], "excluded_lines": []}, "MonitoringError": {"executed_lines": [], "summary": {"covered_lines": 0, "num_statements": 2, "percent_covered": 0.0, "percent_covered_display": "0", "missing_lines": 2, "excluded_lines": 0, "percent_statements_covered": 0.0, "percent_statements_covered_display": "0"}, "missing_lines": [53, 57], "excluded_lines": []}, "": {"executed_lines": [1, 7, 8, 10, 16, 17, 19, 27, 28, 30, 38, 39, 41, 49, 50, 52], "summary": {"covered_lines": 10, "num_statements": 10, "percent_covered": 100.0, "percent_covered_display": "100", "missing_lines": 0, "excluded_lines": 0, "percent_statements_covered": 100.0, "percent_statements_covered_display": "100"}, "missing_lines": [], "excluded_lines": []}}}, "arc_saga\\integrations\\__init__.py": {"executed_lines": [1], "summary": {"covered_lines": 0, "num_statements": 0, "percent_covered": 100.0, "percent_covered_display": "100", "missing_lines": 0, "excluded_lines": 0, "percent_statements_covered": 100.0, "percent_statements_covered_display": "100"}, "missing_lines": [], "excluded_lines": [], "functions": {"": {"executed_lines": [1], "summary": {"covered_lines": 0, "num_statements": 0, "percent_covered": 100.0, "percent_covered_display": "100", "missing_lines": 0, "excluded_lines": 0, "percent_statements_covered": 100.0, "percent_statements_covered_display": "100"}, "missing_lines": [], "excluded_lines": []}}, "classes": {"": {"executed_lines": [1], "summary": {"covered_lines": 0, "num_statements": 0, "percent_covered": 100.0, "percent_covered_display": "100", "missing_lines": 0, "excluded_lines": 0, "percent_statements_covered": 100.0, "percent_statements_covered_display": "100"}, "missing_lines": [], "excluded_lines": []}}}, "arc_saga\\integrations\\circuit_breaker.py": {"executed_lines": [1, 19, 21, 22, 23, 24, 25, 27, 29, 32, 33, 35, 36, 37, 40, 41, 44, 45, 47, 55, 56, 57, 63, 64, 89, 108, 109, 110, 111, 112, 113, 115, 116, 117, 118, 121, 122, 123, 124, 125, 128, 130, 139, 140, 142, 144, 145, 147, 149, 150, 152, 154, 172, 174, 176, 177, 180, 181, 187, 190, 191, 192, 193, 194, 195, 196, 198, 200, 202, 203, 204, 205, 206, 208, 210, 212, 213, 214, 216, 218, 219, 220, 221, 223, 225, 227, 229, 230, 232, 233, 235, 237, 238, 239, 240, 241, 244, 245, 247, 255, 257, 258, 259, 260, 262, 269, 271, 272, 273, 274, 275, 276, 278, 285, 292, 293, 294, 295, 297, 304, 326, 329, 330, 333, 334, 337, 338, 341, 342, 344, 345, 347, 348, 350, 351, 354, 357, 388, 390, 391, 392, 393, 394, 397, 398, 405, 408, 409, 412, 413, 414, 416, 426, 429, 430, 437], "summary": {"covered_lines": 151, "num_statements": 152, "percent_covered": 99.34210526315789, "percent_covered_display": "99", "missing_lines": 1, "excluded_lines": 1, "percent_statements_covered": 99.34210526315789, "percent_statements_covered_display": "99"}, "missing_lines": [440], "excluded_lines": [64], "functions": {"CircuitBreakerOpenError.__init__": {"executed_lines": [55, 56, 57], "summary": {"covered_lines": 3, "num_statements": 3, "percent_covered": 100.0, "percent_covered_display": "100", "missing_lines": 0, "excluded_lines": 0, "percent_statements_covered": 100.0, "percent_statements_covered_display": "100"}, "missing_lines": [], "excluded_lines": []}, "CircuitBreaker.__init__": {"executed_lines": [108, 109, 110, 111, 112, 113, 115, 116, 117, 118, 121, 122, 123, 124, 125, 128, 130], "summary": {"covered_lines": 17, "num_statements": 17, "percent_covered": 100.0, "percent_covered_display": "100", "missing_lines": 0, "excluded_lines": 0, "percent_statements_covered": 100.0, "percent_statements_covered_display": "100"}, "missing_lines": [], "excluded_lines": []}, "CircuitBreaker.state": {"executed_lines": [142], "summary": {"covered_lines": 1, "num_statements": 1, "percent_covered": 100.0, "percent_covered_display": "100", "missing_lines": 0, "excluded_lines": 0, "percent_statements_covered": 100.0, "percent_statements_covered_display": "100"}, "missing_lines": [], "excluded_lines": []}, "CircuitBreaker.failure_count": {"executed_lines": [147], "summary": {"covered_lines": 1, "num_statements": 1, "percent_covered": 100.0, "percent_covered_display": "100", "missing_lines": 0, "excluded_lines": 0, "percent_statements_covered": 100.0, "percent_statements_covered_display": "100"}, "missing_lines": [], "excluded_lines": []}, "CircuitBreaker.success_count": {"executed_lines": [152], "summary": {"covered_lines": 1, "num_statements": 1, "percent_covered": 100.0, "percent_covered_display": "100", "missing_lines": 0, "excluded_lines": 0, "percent_statements_covered": 100.0, "percent_statements_covered_display": "100"}, "missing_lines": [], "excluded_lines": []}, "CircuitBreaker.call": {"executed_lines": [172, 174, 176, 177, 180, 181, 187, 190, 191, 192, 193, 194, 195, 196], "summary": {"covered_lines": 14, "num_statements": 14, "percent_covered": 100.0, "percent_covered_display": "100", "missing_lines": 0, "excluded_lines": 0, "percent_statements_covered": 100.0, "percent_statements_covered_display": "100"}, "missing_lines": [], "excluded_lines": []}, "CircuitBreaker._record_success": {"executed_lines": [200, 202, 203, 204, 205, 206, 208], "summary": {"covered_lines": 7, "num_statements": 7, "percent_covered": 100.0, "percent_covered_display": "100", "missing_lines": 0, "excluded_lines": 0, "percent_statements_covered": 100.0, "percent_statements_covered_display": "100"}, "missing_lines": [], "excluded_lines": []}, "CircuitBreaker._record_failure": {"executed_lines": [212, 213, 214, 216, 218, 219, 220, 221], "summary": {"covered_lines": 8, "num_statements": 8, "percent_covered": 100.0, "percent_covered_display": "100", "missing_lines": 0, "excluded_lines": 0, "percent_statements_covered": 100.0, "percent_statements_covered_display": "100"}, "missing_lines": [], "excluded_lines": []}, "CircuitBreaker._should_open": {"executed_lines": [225], "summary": {"covered_lines": 1, "num_statements": 1, "percent_covered": 100.0, "percent_covered_display": "100", "missing_lines": 0, "excluded_lines": 0, "percent_statements_covered": 100.0, "percent_statements_covered_display": "100"}, "missing_lines": [], "excluded_lines": []}, "CircuitBreaker._should_attempt_recovery": {"executed_lines": [229, 230, 232, 233], "summary": {"covered_lines": 4, "num_statements": 4, "percent_covered": 100.0, "percent_covered_display": "100", "missing_lines": 0, "excluded_lines": 0, "percent_statements_covered": 100.0, "percent_statements_covered_display": "100"}, "missing_lines": [], "excluded_lines": []}, "CircuitBreaker._transition_to_open": {"executed_lines": [237, 238, 239, 240, 241, 244, 245, 247], "summary": {"covered_lines": 8, "num_statements": 8, "percent_covered": 100.0, "percent_covered_display": "100", "missing_lines": 0, "excluded_lines": 0, "percent_statements_covered": 100.0, "percent_statements_covered_display": "100"}, "missing_lines": [], "excluded_lines": []}, "CircuitBreaker._transition_to_half_open": {"executed_lines": [257, 258, 259, 260, 262], "summary": {"covered_lines": 5, "num_statements": 5, "percent_covered": 100.0, "percent_covered_display": "100", "missing_lines": 0, "excluded_lines": 0, "percent_statements_covered": 100.0, "percent_statements_covered_display": "100"}, "missing_lines": [], "excluded_lines": []}, "CircuitBreaker._transition_to_closed": {"executed_lines": [271, 272, 273, 274, 275, 276, 278], "summary": {"covered_lines": 7, "num_statements": 7, "percent_covered": 100.0, "percent_covered_display": "100", "missing_lines": 0, "excluded_lines": 0, "percent_statements_covered": 100.0, "percent_statements_covered_display": "100"}, "missing_lines": [], "excluded_lines": []}, "CircuitBreaker.reset": {"executed_lines": [292, 293, 294, 295, 297], "summary": {"covered_lines": 5, "num_statements": 5, "percent_covered": 100.0, "percent_covered_display": "100", "missing_lines": 0, "excluded_lines": 0, "percent_statements_covered": 100.0, "percent_statements_covered_display": "100"}, "missing_lines": [], "excluded_lines": []}, "is_transient_error": {"executed_lines": [326, 329, 330, 333, 334, 337, 338, 341, 342, 344, 345, 347, 348, 350, 351, 354], "summary": {"covered_lines": 16, "num_statements": 16, "percent_covered": 100.0, "percent_covered_display": "100", "missing_lines": 0, "excluded_lines": 0, "percent_statements_covered": 100.0, "percent_statements_covered_display": "100"}, "missing_lines": [], "excluded_lines": []}, "retry_with_backoff": {"executed_lines": [388, 390, 391, 392, 393, 394, 397, 398, 405, 408, 409, 412, 413, 414, 416, 426, 429, 430, 437], "summary": {"covered_lines": 19, "num_statements": 20, "percent_covered": 95.0, "percent_covered_display": "95", "missing_lines": 1, "excluded_lines": 0, "percent_statements_covered": 95.0, "percent_statements_covered_display": "95"}, "missing_lines": [440], "excluded_lines": []}, "": {"executed_lines": [1, 19, 21, 22, 23, 24, 25, 27, 29, 32, 33, 35, 36, 37, 40, 41, 44, 45, 47, 63, 64, 89, 139, 140, 144, 145, 149, 150, 154, 198, 210, 223, 227, 235, 255, 269, 285, 304, 357], "summary": {"covered_lines": 34, "num_statements": 34, "percent_covered": 100.0, "percent_covered_display": "100", "missing_lines": 0, "excluded_lines": 1, "percent_statements_covered": 100.0, "percent_statements_covered_display": "100"}, "missing_lines": [], "excluded_lines": [64]}}, "classes": {"CircuitState": {"executed_lines": [], "summary": {"covered_lines": 0, "num_statements": 0, "percent_covered": 100.0, "percent_covered_display": "100", "missing_lines": 0, "excluded_lines": 0, "percent_statements_covered": 100.0, "percent_statements_covered_display": "100"}, "missing_lines": [], "excluded_lines": []}, "CircuitBreakerError": {"executed_lines": [], "summary": {"covered_lines": 0, "num_statements": 0, "percent_covered": 100.0, "percent_covered_display": "100", "missing_lines": 0, "excluded_lines": 0, "percent_statements_covered": 100.0, "percent_statements_covered_display": "100"}, "missing_lines": [], "excluded_lines": []}, "CircuitBreakerOpenError": {"executed_lines": [55, 56, 57], "summary": {"covered_lines": 3, "num_statements": 3, "percent_covered": 100.0, "percent_covered_display": "100", "missing_lines": 0, "excluded_lines": 0, "percent_statements_covered": 100.0, "percent_statements_covered_display": "100"}, "missing_lines": [], "excluded_lines": []}, "CircuitBreaker": {"executed_lines": [108, 109, 110, 111, 112, 113, 115, 116, 117, 118, 121, 122, 123, 124, 125, 128, 130, 142, 147, 152, 172, 174, 176, 177, 180, 181, 187, 190, 191, 192, 193, 194, 195, 196, 200, 202, 203, 204, 205, 206, 208, 212, 213, 214, 216, 218, 219, 220, 221, 225, 229, 230, 232, 233, 237, 238, 239, 240, 241, 244, 245, 247, 257, 258, 259, 260, 262, 271, 272, 273, 274, 275, 276, 278, 292, 293, 294, 295, 297], "summary": {"covered_lines": 79, "num_statements": 79, "percent_covered": 100.0, "percent_covered_display": "100", "missing_lines": 0, "excluded_lines": 0, "percent_statements_covered": 100.0, "percent_statements_covered_display": "100"}, "missing_lines": [], "excluded_lines": []}, "": {"executed_lines": [1, 19, 21, 22, 23, 24, 25, 27, 29, 32, 33, 35, 36, 37, 40, 41, 44, 45, 47, 63, 64, 89, 139, 140, 144, 145, 149, 150, 154, 198, 210, 223, 227, 235, 255, 269, 285, 304, 326, 329, 330, 333, 334, 337, 338, 341, 342, 344, 345, 347, 348, 350, 351, 354, 357, 388, 390, 391, 392, 393, 394, 397, 398, 405, 408, 409, 412, 413, 414, 416, 426, 429, 430, 437], "summary": {"covered_lines": 69, "num_statements": 70, "percent_covered": 98.57142857142857, "percent_covered_display": "99", "missing_lines": 1, "excluded_lines": 1, "percent_statements_covered": 98.57142857142857, "percent_statements_covered_display": "99"}, "missing_lines": [440], "excluded_lines": [64]}}}, "arc_saga\\integrations\\perplexity_client.py": {"executed_lines": [1, 10, 12, 13, 14, 15, 17, 18, 20, 27, 28, 34, 38, 39, 41, 44, 45, 47, 48, 49, 52, 53, 55, 56, 57, 60, 61, 79, 100, 101, 103, 107, 110, 117, 124, 156, 157, 160, 161, 163, 165, 176, 179, 180, 181, 184, 187, 197, 198, 199, 205, 206, 211, 212, 218, 219, 221, 227, 233, 234, 235, 236, 237, 239, 241, 243, 245, 248, 256, 257, 258, 264, 265, 267, 277, 291, 292, 293, 300, 301, 309, 312, 320, 326, 328, 338, 348, 350, 354, 355, 364, 366, 373, 378, 394, 400, 401, 402, 408, 409, 410, 415, 416], "summary": {"covered_lines": 97, "num_statements": 98, "percent_covered": 98.9795918367347, "percent_covered_display": "99", "missing_lines": 1, "excluded_lines": 2, "percent_statements_covered": 98.9795918367347, "percent_statements_covered_display": "99"}, "missing_lines": [352], "excluded_lines": [34, 35], "functions": {"PerplexityAPIError.__init__": {"executed_lines": [48, 49], "summary": {"covered_lines": 2, "num_statements": 2, "percent_covered": 100.0, "percent_covered_display": "100", "missing_lines": 0, "excluded_lines": 0, "percent_statements_covered": 100.0, "percent_statements_covered_display": "100"}, "missing_lines": [], "excluded_lines": []}, "PerplexityStorageError.__init__": {"executed_lines": [56, 57], "summary": {"covered_lines": 2, "num_statements": 2, "percent_covered": 100.0, "percent_covered_display": "100", "missing_lines": 0, "excluded_lines": 0, "percent_statements_covered": 100.0, "percent_statements_covered_display": "100"}, "missing_lines": [], "excluded_lines": []}, "PerplexityClient.__init__": {"executed_lines": [100, 101, 103, 107, 110, 117], "summary": {"covered_lines": 6, "num_statements": 6, "percent_covered": 100.0, "percent_covered_display": "100", "missing_lines": 0, "excluded_lines": 0, "percent_statements_covered": 100.0, "percent_statements_covered_display": "100"}, "missing_lines": [], "excluded_lines": []}, "PerplexityClient.ask_streaming": {"executed_lines": [156, 157, 160, 161, 163, 165, 176, 179, 180, 181, 184, 187, 197, 198, 199, 205, 206, 211, 212, 218, 219, 221, 241, 243, 248, 256, 257, 258, 264, 265, 267, 277, 291, 292, 293, 300, 301, 309, 312, 320, 326, 328, 338, 348, 350, 354, 355, 364, 366, 373], "summary": {"covered_lines": 50, "num_statements": 51, "percent_covered": 98.03921568627452, "percent_covered_display": "98", "missing_lines": 1, "excluded_lines": 0, "percent_statements_covered": 98.03921568627452, "percent_statements_covered_display": "98"}, "missing_lines": [352], "excluded_lines": []}, "PerplexityClient.ask_streaming._call_api": {"executed_lines": [227, 233, 234, 235, 236, 237, 239], "summary": {"covered_lines": 7, "num_statements": 7, "percent_covered": 100.0, "percent_covered_display": "100", "missing_lines": 0, "excluded_lines": 0, "percent_statements_covered": 100.0, "percent_statements_covered_display": "100"}, "missing_lines": [], "excluded_lines": []}, "PerplexityClient.ask_streaming._api_with_circuit_breaker": {"executed_lines": [245], "summary": {"covered_lines": 1, "num_statements": 1, "percent_covered": 100.0, "percent_covered_display": "100", "missing_lines": 0, "excluded_lines": 0, "percent_statements_covered": 100.0, "percent_statements_covered_display": "100"}, "missing_lines": [], "excluded_lines": []}, "PerplexityClient.get_session_history": {"executed_lines": [394, 400, 401, 402, 408, 409, 410, 415, 416], "summary": {"covered_lines": 9, "num_statements": 9, "percent_covered": 100.0, "percent_covered_display": "100", "missing_lines": 0, "excluded_lines": 0, "percent_statements_covered": 100.0, "percent_statements_covered_display": "100"}, "missing_lines": [], "excluded_lines": []}, "": {"executed_lines": [1, 10, 12, 13, 14, 15, 17, 18, 20, 27, 28, 34, 38, 39, 41, 44, 45, 47, 52, 53, 55, 60, 61, 79, 124, 378], "summary": {"covered_lines": 20, "num_statements": 20, "percent_covered": 100.0, "percent_covered_display": "100", "missing_lines": 0, "excluded_lines": 2, "percent_statements_covered": 100.0, "percent_statements_covered_display": "100"}, "missing_lines": [], "excluded_lines": [34, 35]}}, "classes": {"PerplexityClientError": {"executed_lines": [], "summary": {"covered_lines": 0, "num_statements": 0, "percent_covered": 100.0, "percent_covered_display": "100", "missing_lines": 0, "excluded_lines": 0, "percent_statements_covered": 100.0, "percent_statements_covered_display": "100"}, "missing_lines": [], "excluded_lines": []}, "PerplexityAPIError": {"executed_lines": [48, 49], "summary": {"covered_lines": 2, "num_statements": 2, "percent_covered": 100.0, "percent_covered_display": "100", "missing_lines": 0, "excluded_lines": 0, "percent_statements_covered": 100.0, "percent_statements_covered_display": "100"}, "missing_lines": [], "excluded_lines": []}, "PerplexityStorageError": {"executed_lines": [56, 57], "summary": {"covered_lines": 2, "num_statements": 2, "percent_covered": 100.0, "percent_covered_display": "100", "missing_lines": 0, "excluded_lines": 0, "percent_statements_covered": 100.0, "percent_statements_covered_display": "100"}, "missing_lines": [], "excluded_lines": []}, "PerplexityClient": {"executed_lines": [100, 101, 103, 107, 110, 117, 156, 157, 160, 161, 163, 165, 176, 179, 180, 181, 184, 187, 197, 198, 199, 205, 206, 211, 212, 218, 219, 221, 227, 233, 234, 235, 236, 237, 239, 241, 243, 245, 248, 256, 257, 258, 264, 265, 267, 277, 291, 292, 293, 300, 301, 309, 312, 320, 326, 328, 338, 348, 350, 354, 355, 364, 366, 373, 394, 400, 401, 402, 408, 409, 410, 415, 416], "summary": {"covered_lines": 73, "num_statements": 74, "percent_covered": 98.64864864864865, "percent_covered_display": "99", "missing_lines": 1, "excluded_lines": 0, "percent_statements_covered": 98.64864864864865, "percent_statements_covered_display": "99"}, "missing_lines": [352], "excluded_lines": []}, "": {"executed_lines": [1, 10, 12, 13, 14, 15, 17, 18, 20, 27, 28, 34, 38, 39, 41, 44, 45, 47, 52, 53, 55, 60, 61, 79, 124, 378], "summary": {"covered_lines": 20, "num_statements": 20, "percent_covered": 100.0, "percent_covered_display": "100", "missing_lines": 0, "excluded_lines": 2, "percent_statements_covered": 100.0, "percent_statements_covered_display": "100"}, "missing_lines": [], "excluded_lines": [34, 35]}}}, "arc_saga\\logging_config.py": {"executed_lines": [1, 9, 10, 11, 12, 14, 17, 18, 20, 47, 76, 86], "summary": {"covered_lines": 10, "num_statements": 34, "percent_covered": 29.41176470588235, "percent_covered_display": "29", "missing_lines": 24, "excluded_lines": 0, "percent_statements_covered": 29.41176470588235, "percent_statements_covered_display": "29"}, "missing_lines": [22, 33, 34, 37, 38, 39, 40, 41, 42, 44, 54, 55, 58, 59, 60, 61, 64, 65, 66, 67, 68, 71, 72, 73], "excluded_lines": [], "functions": {"StructuredFormatter.format": {"executed_lines": [], "summary": {"covered_lines": 0, "num_statements": 10, "percent_covered": 0.0, "percent_covered_display": "0", "missing_lines": 10, "excluded_lines": 0, "percent_statements_covered": 0.0, "percent_statements_covered_display": "0"}, "missing_lines": [22, 33, 34, 37, 38, 39, 40, 41, 42, 44], "excluded_lines": []}, "setup_logging": {"executed_lines": [], "summary": {"covered_lines": 0, "num_statements": 14, "percent_covered": 0.0, "percent_covered_display": "0", "missing_lines": 14, "excluded_lines": 0, "percent_statements_covered": 0.0, "percent_statements_covered_display": "0"}, "missing_lines": [54, 55, 58, 59, 60, 61, 64, 65, 66, 67, 68, 71, 72, 73], "excluded_lines": []}, "get_logger": {"executed_lines": [86], "summary": {"covered_lines": 1, "num_statements": 1, "percent_covered": 100.0, "percent_covered_display": "100", "missing_lines": 0, "excluded_lines": 0, "percent_statements_covered": 100.0, "percent_statements_covered_display": "100"}, "missing_lines": [], "excluded_lines": []}, "": {"executed_lines": [1, 9, 10, 11, 12, 14, 17, 18, 20, 47, 76], "summary": {"covered_lines": 9, "num_statements": 9, "percent_covered": 100.0, "percent_covered_display": "100", "missing_lines": 0, "excluded_lines": 0, "percent_statements_covered": 100.0, "percent_statements_covered_display": "100"}, "missing_lines": [], "excluded_lines": []}}, "classes": {"StructuredFormatter": {"executed_lines": [], "summary": {"covered_lines": 0, "num_statements": 10, "percent_covered": 0.0, "percent_covered_display": "0", "missing_lines": 10, "excluded_lines": 0, "percent_statements_covered": 0.0, "percent_statements_covered_display": "0"}, "missing_lines": [22, 33, 34, 37, 38, 39, 40, 41, 42, 44], "excluded_lines": []}, "": {"executed_lines": [1, 9, 10, 11, 12, 14, 17, 18, 20, 47, 76, 86], "summary": {"covered_lines": 10, "num_statements": 24, "percent_covered": 41.666666666666664, "percent_covered_display": "42", "missing_lines": 14, "excluded_lines": 0, "percent_statements_covered": 41.666666666666664, "percent_statements_covered_display": "42"}, "missing_lines": [54, 55, 58, 59, 60, 61, 64, 65, 66, 67, 68, 71, 72, 73], "excluded_lines": []}}}, "arc_saga\\models\\__init__.py": {"executed_lines": [1, 6, 19], "summary": {"covered_lines": 2, "num_statements": 2, "percent_covered": 100.0, "percent_covered_display": "100", "missing_lines": 0, "excluded_lines": 0, "percent_statements_covered": 100.0, "percent_statements_covered_display": "100"}, "missing_lines": [], "excluded_lines": [], "functions": {"": {"executed_lines": [1, 6, 19], "summary": {"covered_lines": 2, "num_statements": 2, "percent_covered": 100.0, "percent_covered_display": "100", "missing_lines": 0, "excluded_lines": 0, "percent_statements_covered": 100.0, "percent_statements_covered_display": "100"}, "missing_lines": [], "excluded_lines": []}}, "classes": {"": {"executed_lines": [1, 6, 19], "summary": {"covered_lines": 2, "num_statements": 2, "percent_covered": 100.0, "percent_covered_display": "100", "missing_lines": 0, "excluded_lines": 0, "percent_statements_covered": 100.0, "percent_statements_covered_display": "100"}, "missing_lines": [], "excluded_lines": []}}}, "arc_saga\\models\\message.py": {"executed_lines": [1, 8, 9, 10, 11, 12, 13, 18, 19, 20, 21, 22, 23, 24, 25, 28, 29, 30, 31, 32, 35, 36, 37, 38, 39, 40, 41, 42, 43, 48, 49, 50, 51, 52, 53, 54, 55, 56, 57, 58, 60, 62, 63, 64, 65, 67, 69, 81, 82, 83, 84, 85, 86, 87, 88, 89, 90, 91, 92, 94, 96, 97, 98, 99, 102, 103, 104, 105, 106, 107, 108, 109, 110, 113, 114, 115, 116, 117, 118, 120, 122, 123, 124, 129, 130, 131, 132, 133, 134, 136, 137, 138, 144, 145, 146, 153, 154, 155, 156, 157, 160, 161, 162, 163, 164, 165, 166, 167, 168], "summary": {"covered_lines": 98, "num_statements": 104, "percent_covered": 94.23076923076923, "percent_covered_display": "94", "missing_lines": 6, "excluded_lines": 0, "percent_statements_covered": 94.23076923076923, "percent_statements_covered_display": "94"}, "missing_lines": [140, 141, 142, 148, 149, 150], "excluded_lines": [], "functions": {"Message.__post_init__": {"executed_lines": [62, 63, 64, 65], "summary": {"covered_lines": 4, "num_statements": 4, "percent_covered": 100.0, "percent_covered_display": "100", "missing_lines": 0, "excluded_lines": 0, "percent_statements_covered": 100.0, "percent_statements_covered_display": "100"}, "missing_lines": [], "excluded_lines": []}, "Message.to_dict": {"executed_lines": [69], "summary": {"covered_lines": 1, "num_statements": 1, "percent_covered": 100.0, "percent_covered_display": "100", "missing_lines": 0, "excluded_lines": 0, "percent_statements_covered": 100.0, "percent_statements_covered_display": "100"}, "missing_lines": [], "excluded_lines": []}, "File.__post_init__": {"executed_lines": [96, 97, 98, 99], "summary": {"covered_lines": 4, "num_statements": 4, "percent_covered": 100.0, "percent_covered_display": "100", "missing_lines": 0, "excluded_lines": 0, "percent_statements_covered": 100.0, "percent_statements_covered_display": "100"}, "missing_lines": [], "excluded_lines": []}, "ValidationResult.raise_if_invalid": {"executed_lines": [122, 123, 124], "summary": {"covered_lines": 3, "num_statements": 3, "percent_covered": 100.0, "percent_covered_display": "100", "missing_lines": 0, "excluded_lines": 0, "percent_statements_covered": 100.0, "percent_statements_covered_display": "100"}, "missing_lines": [], "excluded_lines": []}, "MessageCreateRequest.validate_provider": {"executed_lines": [], "summary": {"covered_lines": 0, "num_statements": 3, "percent_covered": 0.0, "percent_covered_display": "0", "missing_lines": 3, "excluded_lines": 0, "percent_statements_covered": 0.0, "percent_statements_covered_display": "0"}, "missing_lines": [140, 141, 142], "excluded_lines": []}, "MessageCreateRequest.validate_role": {"executed_lines": [], "summary": {"covered_lines": 0, "num_statements": 3, "percent_covered": 0.0, "percent_covered_display": "0", "missing_lines": 3, "excluded_lines": 0, "percent_statements_covered": 0.0, "percent_statements_covered_display": "0"}, "missing_lines": [148, 149, 150], "excluded_lines": []}, "": {"executed_lines": [1, 8, 9, 10, 11, 12, 13, 18, 19, 20, 21, 22, 23, 24, 25, 28, 29, 30, 31, 32, 35, 36, 37, 38, 39, 40, 41, 42, 43, 48, 49, 50, 51, 52, 53, 54, 55, 56, 57, 58, 60, 67, 81, 82, 83, 84, 85, 86, 87, 88, 89, 90, 91, 92, 94, 102, 103, 104, 105, 106, 107, 108, 109, 110, 113, 114, 115, 116, 117, 118, 120, 129, 130, 131, 132, 133, 134, 136, 137, 138, 144, 145, 146, 153, 154, 155, 156, 157, 160, 161, 162, 163, 164, 165, 166, 167, 168], "summary": {"covered_lines": 86, "num_statements": 86, "percent_covered": 100.0, "percent_covered_display": "100", "missing_lines": 0, "excluded_lines": 0, "percent_statements_covered": 100.0, "percent_statements_covered_display": "100"}, "missing_lines": [], "excluded_lines": []}}, "classes": {"Provider": {"executed_lines": [], "summary": {"covered_lines": 0, "num_statements": 0, "percent_covered": 100.0, "percent_covered_display": "100", "missing_lines": 0, "excluded_lines": 0, "percent_statements_covered": 100.0, "percent_statements_covered_display": "100"}, "missing_lines": [], "excluded_lines": []}, "MessageRole": {"executed_lines": [], "summary": {"covered_lines": 0, "num_statements": 0, "percent_covered": 100.0, "percent_covered_display": "100", "missing_lines": 0, "excluded_lines": 0, "percent_statements_covered": 100.0, "percent_statements_covered_display": "100"}, "missing_lines": [], "excluded_lines": []}, "FileType": {"executed_lines": [], "summary": {"covered_lines": 0, "num_statements": 0, "percent_covered": 100.0, "percent_covered_display": "100", "missing_lines": 0, "excluded_lines": 0, "percent_statements_covered": 100.0, "percent_statements_covered_display": "100"}, "missing_lines": [], "excluded_lines": []}, "Message": {"executed_lines": [62, 63, 64, 65, 69], "summary": {"covered_lines": 5, "num_statements": 5, "percent_covered": 100.0, "percent_covered_display": "100", "missing_lines": 0, "excluded_lines": 0, "percent_statements_covered": 100.0, "percent_statements_covered_display": "100"}, "missing_lines": [], "excluded_lines": []}, "File": {"executed_lines": [96, 97, 98, 99], "summary": {"covered_lines": 4, "num_statements": 4, "percent_covered": 100.0, "percent_covered_display": "100", "missing_lines": 0, "excluded_lines": 0, "percent_statements_covered": 100.0, "percent_statements_covered_display": "100"}, "missing_lines": [], "excluded_lines": []}, "SearchResult": {"executed_lines": [], "summary": {"covered_lines": 0, "num_statements": 0, "percent_covered": 100.0, "percent_covered_display": "100", "missing_lines": 0, "excluded_lines": 0, "percent_statements_covered": 100.0, "percent_statements_covered_display": "100"}, "missing_lines": [], "excluded_lines": []}, "ValidationResult": {"executed_lines": [122, 123, 124], "summary": {"covered_lines": 3, "num_statements": 3, "percent_covered": 100.0, "percent_covered_display": "100", "missing_lines": 0, "excluded_lines": 0, "percent_statements_covered": 100.0, "percent_statements_covered_display": "100"}, "missing_lines": [], "excluded_lines": []}, "MessageCreateRequest": {"executed_lines": [], "summary": {"covered_lines": 0, "num_statements": 6, "percent_covered": 0.0, "percent_covered_display": "0", "missing_lines": 6, "excluded_lines": 0, "percent_statements_covered": 0.0, "percent_statements_covered_display": "0"}, "missing_lines": [140, 141, 142, 148, 149, 150], "excluded_lines": []}, "SearchRequestModel": {"executed_lines": [], "summary": {"covered_lines": 0, "num_statements": 0, "percent_covered": 100.0, "percent_covered_display": "100", "missing_lines": 0, "excluded_lines": 0, "percent_statements_covered": 100.0, "percent_statements_covered_display": "100"}, "missing_lines": [], "excluded_lines": []}, "MessageResponseModel": {"executed_lines": [], "summary": {"covered_lines": 0, "num_statements": 0, "percent_covered": 100.0, "percent_covered_display": "100", "missing_lines": 0, "excluded_lines": 0, "percent_statements_covered": 100.0, "percent_statements_covered_display": "100"}, "missing_lines": [], "excluded_lines": []}, "": {"executed_lines": [1, 8, 9, 10, 11, 12, 13, 18, 19, 20, 21, 22, 23, 24, 25, 28, 29, 30, 31, 32, 35, 36, 37, 38, 39, 40, 41, 42, 43, 48, 49, 50, 51, 52, 53, 54, 55, 56, 57, 58, 60, 67, 81, 82, 83, 84, 85, 86, 87, 88, 89, 90, 91, 92, 94, 102, 103, 104, 105, 106, 107, 108, 109, 110, 113, 114, 115, 116, 117, 118, 120, 129, 130, 131, 132, 133, 134, 136, 137, 138, 144, 145, 146, 153, 154, 155, 156, 157, 160, 161, 162, 163, 164, 165, 166, 167, 168], "summary": {"covered_lines": 86, "num_statements": 86, "percent_covered": 100.0, "percent_covered_display": "100", "missing_lines": 0, "excluded_lines": 0, "percent_statements_covered": 100.0, "percent_statements_covered_display": "100"}, "missing_lines": [], "excluded_lines": []}}}, "arc_saga\\monitors\\__init__.py": {"executed_lines": [], "summary": {"covered_lines": 0, "num_statements": 0, "percent_covered": 100.0, "percent_covered_display": "100", "missing_lines": 0, "excluded_lines": 0, "percent_statements_covered": 100.0, "percent_statements_covered_display": "100"}, "missing_lines": [], "excluded_lines": [], "functions": {"": {"executed_lines": [], "summary": {"covered_lines": 0, "num_statements": 0, "percent_covered": 100.0, "percent_covered_display": "100", "missing_lines": 0, "excluded_lines": 0, "percent_statements_covered": 100.0, "percent_statements_covered_display": "100"}, "missing_lines": [], "excluded_lines": []}}, "classes": {"": {"executed_lines": [], "summary": {"covered_lines": 0, "num_statements": 0, "percent_covered": 100.0, "percent_covered_display": "100", "missing_lines": 0, "excluded_lines": 0, "percent_statements_covered": 100.0, "percent_statements_covered_display": "100"}, "missing_lines": [], "excluded_lines": []}}}, "arc_saga\\orchestrator\\__init__.py": {"executed_lines": [1, 24, 27, 39, 53, 66, 76, 84], "summary": {"covered_lines": 7, "num_statements": 7, "percent_covered": 100.0, "percent_covered_display": "100", "missing_lines": 0, "excluded_lines": 0, "percent_statements_covered": 100.0, "percent_statements_covered_display": "100"}, "missing_lines": [], "excluded_lines": [], "functions": {"": {"executed_lines": [1, 24, 27, 39, 53, 66, 76, 84], "summary": {"covered_lines": 7, "num_statements": 7, "percent_covered": 100.0, "percent_covered_display": "100", "missing_lines": 0, "excluded_lines": 0, "percent_statements_covered": 100.0, "percent_statements_covered_display": "100"}, "missing_lines": [], "excluded_lines": []}}, "classes": {"": {"executed_lines": [1, 24, 27, 39, 53, 66, 76, 84], "summary": {"covered_lines": 7, "num_statements": 7, "percent_covered": 100.0, "percent_covered_display": "100", "missing_lines": 0, "excluded_lines": 0, "percent_statements_covered": 100.0, "percent_statements_covered_display": "100"}, "missing_lines": [], "excluded_lines": []}}}, "arc_saga\\orchestrator\\admin.py": {"executed_lines": [1, 29, 31, 32, 33, 34, 35, 36, 37, 38, 40, 43, 44, 54, 55, 56, 57, 60, 61, 62, 77, 78, 79, 80, 81, 82, 83, 84, 85, 90, 91, 99, 111, 112, 115, 120, 121, 122, 129, 130, 142, 143, 155, 156, 168, 169, 182, 183, 197, 204, 205, 207, 209, 215, 225, 227, 234, 235, 241, 246, 250, 251, 252, 255, 256, 259, 260, 261, 264, 265, 266, 268, 270, 284, 293, 295, 296, 300, 307, 317, 318, 322, 330, 340, 350, 352, 359, 360, 370, 375, 379, 380, 381, 384, 385, 388, 389, 390, 391, 392, 393, 394, 395, 397, 399, 400, 401, 402, 403, 405, 419, 430, 432, 433, 437, 444, 454, 455, 459, 467, 477, 487, 489, 496, 497, 504, 509, 513, 514, 515, 518, 519, 523, 524, 526, 529, 530, 531, 534, 535, 540, 541, 542, 544, 558, 567, 569, 570, 574, 581, 591, 592, 596, 604, 614, 624, 626, 633, 634, 641, 646, 650, 651, 652, 655, 656, 657, 659, 660, 661, 663, 664, 665, 667, 668, 669, 671, 672, 674, 675, 676, 677, 678, 679, 680, 682, 696, 708, 710, 711, 715, 722, 732, 733, 737, 745, 756, 757, 772, 779, 781, 787, 805, 812, 815, 822, 823, 824, 825, 827, 837, 838, 843, 845, 860, 861, 862, 863, 864, 865, 867], "summary": {"covered_lines": 214, "num_statements": 214, "percent_covered": 100.0, "percent_covered_display": "100", "missing_lines": 0, "excluded_lines": 9, "percent_statements_covered": 100.0, "percent_statements_covered_display": "100"}, "missing_lines": [], "excluded_lines": [140, 141, 153, 154, 166, 167, 179, 180, 181], "functions": {"QualityGateFailure.__init__": {"executed_lines": [111, 112, 115], "summary": {"covered_lines": 3, "num_statements": 3, "percent_covered": 100.0, "percent_covered_display": "100", "missing_lines": 0, "excluded_lines": 0, "percent_statements_covered": 100.0, "percent_statements_covered_display": "100"}, "missing_lines": [], "excluded_lines": []}, "IQualityGateExecutor.run_mypy": {"executed_lines": [], "summary": {"covered_lines": 0, "num_statements": 0, "percent_covered": 100.0, "percent_covered_display": "100", "missing_lines": 0, "excluded_lines": 1, "percent_statements_covered": 100.0, "percent_statements_covered_display": "100"}, "missing_lines": [], "excluded_lines": [140]}, "IQualityGateExecutor.run_pytest": {"executed_lines": [], "summary": {"covered_lines": 0, "num_statements": 0, "percent_covered": 100.0, "percent_covered_display": "100", "missing_lines": 0, "excluded_lines": 1, "percent_statements_covered": 100.0, "percent_statements_covered_display": "100"}, "missing_lines": [], "excluded_lines": [153]}, "IQualityGateExecutor.run_pylint": {"executed_lines": [], "summary": {"covered_lines": 0, "num_statements": 0, "percent_covered": 100.0, "percent_covered_display": "100", "missing_lines": 0, "excluded_lines": 1, "percent_statements_covered": 100.0, "percent_statements_covered_display": "100"}, "missing_lines": [], "excluded_lines": [166]}, "IQualityGateExecutor.run_bandit": {"executed_lines": [], "summary": {"covered_lines": 0, "num_statements": 0, "percent_covered": 100.0, "percent_covered_display": "100", "missing_lines": 0, "excluded_lines": 1, "percent_statements_covered": 100.0, "percent_statements_covered_display": "100"}, "missing_lines": [], "excluded_lines": [179]}, "SubprocessExecutor.__init__": {"executed_lines": [204, 205, 207, 209], "summary": {"covered_lines": 4, "num_statements": 4, "percent_covered": 100.0, "percent_covered_display": "100", "missing_lines": 0, "excluded_lines": 0, "percent_statements_covered": 100.0, "percent_statements_covered_display": "100"}, "missing_lines": [], "excluded_lines": []}, "SubprocessExecutor.run_mypy": {"executed_lines": [225, 227, 234, 235, 241, 246, 250, 251, 252, 255, 256, 259, 260, 261, 264, 265, 266, 268, 270, 284, 293, 295, 296, 300, 307, 317, 318, 322, 330], "summary": {"covered_lines": 29, "num_statements": 29, "percent_covered": 100.0, "percent_covered_display": "100", "missing_lines": 0, "excluded_lines": 0, "percent_statements_covered": 100.0, "percent_statements_covered_display": "100"}, "missing_lines": [], "excluded_lines": []}, "SubprocessExecutor.run_pytest": {"executed_lines": [350, 352, 359, 360, 370, 375, 379, 380, 381, 384, 385, 388, 389, 390, 391, 392, 393, 394, 395, 397, 399, 400, 401, 402, 403, 405, 419, 430, 432, 433, 437, 444, 454, 455, 459, 467], "summary": {"covered_lines": 36, "num_statements": 36, "percent_covered": 100.0, "percent_covered_display": "100", "missing_lines": 0, "excluded_lines": 0, "percent_statements_covered": 100.0, "percent_statements_covered_display": "100"}, "missing_lines": [], "excluded_lines": []}, "SubprocessExecutor.run_pylint": {"executed_lines": [487, 489, 496, 497, 504, 509, 513, 514, 515, 518, 519, 523, 524, 526, 529, 530, 531, 534, 535, 540, 541, 542, 544, 558, 567, 569, 570, 574, 581, 591, 592, 596, 604], "summary": {"covered_lines": 33, "num_statements": 33, "percent_covered": 100.0, "percent_covered_display": "100", "missing_lines": 0, "excluded_lines": 0, "percent_statements_covered": 100.0, "percent_statements_covered_display": "100"}, "missing_lines": [], "excluded_lines": []}, "SubprocessExecutor.run_bandit": {"executed_lines": [624, 626, 633, 634, 641, 646, 650, 651, 652, 655, 656, 657, 659, 660, 661, 663, 664, 665, 667, 668, 669, 671, 672, 674, 675, 676, 677, 678, 679, 680, 682, 696, 708, 710, 711, 715, 722, 732, 733, 737, 745], "summary": {"covered_lines": 41, "num_statements": 41, "percent_covered": 100.0, "percent_covered_display": "100", "missing_lines": 0, "excluded_lines": 0, "percent_statements_covered": 100.0, "percent_statements_covered_display": "100"}, "missing_lines": [], "excluded_lines": []}, "QualityGateManager.__init__": {"executed_lines": [779, 781], "summary": {"covered_lines": 2, "num_statements": 2, "percent_covered": 100.0, "percent_covered_display": "100", "missing_lines": 0, "excluded_lines": 0, "percent_statements_covered": 100.0, "percent_statements_covered_display": "100"}, "missing_lines": [], "excluded_lines": []}, "QualityGateManager.enforce_quality_gates": {"executed_lines": [805, 812, 815, 822, 823, 824, 825, 827, 837, 838, 843], "summary": {"covered_lines": 11, "num_statements": 11, "percent_covered": 100.0, "percent_covered_display": "100", "missing_lines": 0, "excluded_lines": 0, "percent_statements_covered": 100.0, "percent_statements_covered_display": "100"}, "missing_lines": [], "excluded_lines": []}, "QualityGateManager.run_gate": {"executed_lines": [860, 861, 862, 863, 864, 865, 867], "summary": {"covered_lines": 7, "num_statements": 7, "percent_covered": 100.0, "percent_covered_display": "100", "missing_lines": 0, "excluded_lines": 0, "percent_statements_covered": 100.0, "percent_statements_covered_display": "100"}, "missing_lines": [], "excluded_lines": []}, "": {"executed_lines": [1, 29, 31, 32, 33, 34, 35, 36, 37, 38, 40, 43, 44, 54, 55, 56, 57, 60, 61, 62, 77, 78, 79, 80, 81, 82, 83, 84, 85, 90, 91, 99, 120, 121, 122, 129, 130, 142, 143, 155, 156, 168, 169, 182, 183, 197, 215, 340, 477, 614, 756, 757, 772, 787, 845], "summary": {"covered_lines": 48, "num_statements": 48, "percent_covered": 100.0, "percent_covered_display": "100", "missing_lines": 0, "excluded_lines": 5, "percent_statements_covered": 100.0, "percent_statements_covered_display": "100"}, "missing_lines": [], "excluded_lines": [141, 154, 167, 180, 181]}}, "classes": {"QualityGateType": {"executed_lines": [], "summary": {"covered_lines": 0, "num_statements": 0, "percent_covered": 100.0, "percent_covered_display": "100", "missing_lines": 0, "excluded_lines": 0, "percent_statements_covered": 100.0, "percent_statements_covered_display": "100"}, "missing_lines": [], "excluded_lines": []}, "QualityGateResult": {"executed_lines": [], "summary": {"covered_lines": 0, "num_statements": 0, "percent_covered": 100.0, "percent_covered_display": "100", "missing_lines": 0, "excluded_lines": 0, "percent_statements_covered": 100.0, "percent_statements_covered_display": "100"}, "missing_lines": [], "excluded_lines": []}, "QualityGateFailure": {"executed_lines": [111, 112, 115], "summary": {"covered_lines": 3, "num_statements": 3, "percent_covered": 100.0, "percent_covered_display": "100", "missing_lines": 0, "excluded_lines": 0, "percent_statements_covered": 100.0, "percent_statements_covered_display": "100"}, "missing_lines": [], "excluded_lines": []}, "IQualityGateExecutor": {"executed_lines": [], "summary": {"covered_lines": 0, "num_statements": 0, "percent_covered": 100.0, "percent_covered_display": "100", "missing_lines": 0, "excluded_lines": 4, "percent_statements_covered": 100.0, "percent_statements_covered_display": "100"}, "missing_lines": [], "excluded_lines": [140, 153, 166, 179]}, "SubprocessExecutor": {"executed_lines": [204, 205, 207, 209, 225, 227, 234, 235, 241, 246, 250, 251, 252, 255, 256, 259, 260, 261, 264, 265, 266, 268, 270, 284, 293, 295, 296, 300, 307, 317, 318, 322, 330, 350, 352, 359, 360, 370, 375, 379, 380, 381, 384, 385, 388, 389, 390, 391, 392, 393, 394, 395, 397, 399, 400, 401, 402, 403, 405, 419, 430, 432, 433, 437, 444, 454, 455, 459, 467, 487, 489, 496, 497, 504, 509, 513, 514, 515, 518, 519, 523, 524, 526, 529, 530, 531, 534, 535, 540, 541, 542, 544, 558, 567, 569, 570, 574, 581, 591, 592, 596, 604, 624, 626, 633, 634, 641, 646, 650, 651, 652, 655, 656, 657, 659, 660, 661, 663, 664, 665, 667, 668, 669, 671, 672, 674, 675, 676, 677, 678, 679, 680, 682, 696, 708, 710, 711, 715, 722, 732, 733, 737, 745], "summary": {"covered_lines": 143, "num_statements": 143, "percent_covered": 100.0, "percent_covered_display": "100", "missing_lines": 0, "excluded_lines": 0, "percent_statements_covered": 100.0, "percent_statements_covered_display": "100"}, "missing_lines": [], "excluded_lines": []}, "QualityGateManager": {"executed_lines": [779, 781, 805, 812, 815, 822, 823, 824, 825, 827, 837, 838, 843, 860, 861, 862, 863, 864, 865, 867], "summary": {"covered_lines": 20, "num_statements": 20, "percent_covered": 100.0, "percent_covered_display": "100", "missing_lines": 0, "excluded_lines": 0, "percent_statements_covered": 100.0, "percent_statements_covered_display": "100"}, "missing_lines": [], "excluded_lines": []}, "": {"executed_lines": [1, 29, 31, 32, 33, 34, 35, 36, 37, 38, 40, 43, 44, 54, 55, 56, 57, 60, 61, 62, 77, 78, 79, 80, 81, 82, 83, 84, 85, 90, 91, 99, 120, 121, 122, 129, 130, 142, 143, 155, 156, 168, 169, 182, 183, 197, 215, 340, 477, 614, 756, 757, 772, 787, 845], "summary": {"covered_lines": 48, "num_statements": 48, "percent_covered": 100.0, "percent_covered_display": "100", "missing_lines": 0, "excluded_lines": 5, "percent_statements_covered": 100.0, "percent_statements_covered_display": "100"}, "missing_lines": [], "excluded_lines": [141, 154, 167, 180, 181]}}}, "arc_saga\\orchestrator\\config_gen.py": {"executed_lines": [1, 25, 27, 28, 29, 30, 31, 33, 36, 37, 47, 48, 49, 50, 53, 54, 55, 81, 82, 83, 84, 85, 86, 89, 90, 91, 98, 111, 112, 128, 142, 143, 148, 152, 153, 158, 162, 168, 170, 171, 172, 173, 176, 177, 178, 184, 185, 186, 192, 193, 194, 203, 204, 205, 206, 209, 210, 211, 217, 235, 241, 243, 244, 251, 253, 263, 264, 267, 268, 270, 271, 275, 285, 286, 289, 290, 293, 295, 298, 299, 301, 303, 316, 318, 319, 320, 322, 323, 324, 325, 326, 327, 328, 331, 332, 333, 335, 336, 339, 341, 342, 343, 345, 346, 347, 350, 351, 352, 355, 358, 36
[...]
 223, 224, 225, 226, 227, 228, 229, 230, 231, 232, 234, 260, 261, 262, 293, 294, 295, 296, 297, 298, 299, 300, 301, 303, 331, 332], "summary": {"covered_lines": 72, "num_statements": 72, "percent_covered": 100.0, "percent_covered_display": "100", "missing_lines": 0, "excluded_lines": 0, "percent_statements_covered": 100.0, "percent_statements_covered_display": "100"}, "missing_lines": [], "excluded_lines": []}}}, "arc_saga\\services\\__init__.py": {"executed_lines": [1], "summary": {"covered_lines": 0, "num_statements": 0, "percent_covered": 100.0, "percent_covered_display": "100", "missing_lines": 0, "excluded_lines": 0, "percent_statements_covered": 100.0, "percent_statements_covered_display": "100"}, "missing_lines": [], "excluded_lines": [], "functions": {"": {"executed_lines": [1], "summary": {"covered_lines": 0, "num_statements": 0, "percent_covered": 100.0, "percent_covered_display": "100", "missing_lines": 0, "excluded_lines": 0, "percent_statements_covered": 100.0, "percent_statements_covered_display": "100"}, "missing_lines": [], "excluded_lines": []}}, "classes": {"": {"executed_lines": [1], "summary": {"covered_lines": 0, "num_statements": 0, "percent_covered": 100.0, "percent_covered_display": "100", "missing_lines": 0, "excluded_lines": 0, "percent_statements_covered": 100.0, "percent_statements_covered_display": "100"}, "missing_lines": [], "excluded_lines": []}}}, "arc_saga\\services\\auto_tagger.py": {"executed_lines": [1, 6, 7, 8, 11, 12, 13, 19], "summary": {"covered_lines": 7, "num_statements": 21, "percent_covered": 33.333333333333336, "percent_covered_display": "33", "missing_lines": 14, "excluded_lines": 0, "percent_statements_covered": 33.333333333333336, "percent_statements_covered_display": "33"}, "missing_lines": [23, 24, 27, 29, 31, 32, 35, 38, 39, 41, 43, 45, 46, 47], "excluded_lines": [], "functions": {"AutoTagger.__init__": {"executed_lines": [13], "summary": {"covered_lines": 1, "num_statements": 1, "percent_covered": 100.0, "percent_covered_display": "100", "missing_lines": 0, "excluded_lines": 0, "percent_statements_covered": 100.0, "percent_statements_covered_display": "100"}, "missing_lines": [], "excluded_lines": []}, "AutoTagger.extract_tags": {"executed_lines": [], "summary": {"covered_lines": 0, "num_statements": 14, "percent_covered": 0.0, "percent_covered_display": "0", "missing_lines": 14, "excluded_lines": 0, "percent_statements_covered": 0.0, "percent_statements_covered_display": "0"}, "missing_lines": [23, 24, 27, 29, 31, 32, 35, 38, 39, 41, 43, 45, 46, 47], "excluded_lines": []}, "": {"executed_lines": [1, 6, 7, 8, 11, 12, 19], "summary": {"covered_lines": 6, "num_statements": 6, "percent_covered": 100.0, "percent_covered_display": "100", "missing_lines": 0, "excluded_lines": 0, "percent_statements_covered": 100.0, "percent_statements_covered_display": "100"}, "missing_lines": [], "excluded_lines": []}}, "classes": {"AutoTagger": {"executed_lines": [13], "summary": {"covered_lines": 1, "num_statements": 15, "percent_covered": 6.666666666666667, "percent_covered_display": "7", "missing_lines": 14, "excluded_lines": 0, "percent_statements_covered": 6.666666666666667, "percent_statements_covered_display": "7"}, "missing_lines": [23, 24, 27, 29, 31, 32, 35, 38, 39, 41, 43, 45, 46, 47], "excluded_lines": []}, "": {"executed_lines": [1, 6, 7, 8, 11, 12, 19], "summary": {"covered_lines": 6, "num_statements": 6, "percent_covered": 100.0, "percent_covered_display": "100", "missing_lines": 0, "excluded_lines": 0, "percent_statements_covered": 100.0, "percent_statements_covered_display": "100"}, "missing_lines": [], "excluded_lines": []}}}, "arc_saga\\services\\file_processor.py": {"executed_lines": [1, 6, 7, 8, 9, 10, 13, 14, 15, 16, 18, 48, 61, 71], "summary": {"covered_lines": 13, "num_statements": 49, "percent_covered": 26.53061224489796, "percent_covered_display": "27", "missing_lines": 36, "excluded_lines": 0, "percent_statements_covered": 26.53061224489796, "percent_statements_covered_display": "27"}, "missing_lines": [29, 30, 32, 33, 34, 37, 39, 40, 41, 42, 43, 44, 46, 50, 51, 52, 53, 54, 55, 56, 57, 58, 59, 63, 64, 65, 66, 67, 68, 69, 73, 74, 75, 76, 77, 78], "excluded_lines": [], "functions": {"FileProcessor.__init__": {"executed_lines": [15, 16], "summary": {"covered_lines": 2, "num_statements": 2, "percent_covered": 100.0, "percent_covered_display": "100", "missing_lines": 0, "excluded_lines": 0, "percent_statements_covered": 100.0, "percent_statements_covered_display": "100"}, "missing_lines": [], "excluded_lines": []}, "FileProcessor.process_file": {"executed_lines": [], "summary": {"covered_lines": 0, "num_statements": 13, "percent_covered": 0.0, "percent_covered_display": "0", "missing_lines": 13, "excluded_lines": 0, "percent_statements_covered": 0.0, "percent_statements_covered_display": "0"}, "missing_lines": [29, 30, 32, 33, 34, 37, 39, 40, 41, 42, 43, 44, 46], "excluded_lines": []}, "FileProcessor._extract_pdf_text": {"executed_lines": [], "summary": {"covered_lines": 0, "num_statements": 10, "percent_covered": 0.0, "percent_covered_display": "0", "missing_lines": 10, "excluded_lines": 0, "percent_statements_covered": 0.0, "percent_statements_covered_display": "0"}, "missing_lines": [50, 51, 52, 53, 54, 55, 56, 57, 58, 59], "excluded_lines": []}, "FileProcessor._extract_docx_text": {"executed_lines": [], "summary": {"covered_lines": 0, "num_statements": 7, "percent_covered": 0.0, "percent_covered_display": "0", "missing_lines": 7, "excluded_lines": 0, "percent_statements_covered": 0.0, "percent_statements_covered_display": "0"}, "missing_lines": [63, 64, 65, 66, 67, 68, 69], "excluded_lines": []}, "FileProcessor._extract_plain_text": {"executed_lines": [], "summary": {"covered_lines": 0, "num_statements": 6, "percent_covered": 0.0, "percent_covered_display": "0", "missing_lines": 6, "excluded_lines": 0, "percent_statements_covered": 0.0, "percent_statements_covered_display": "0"}, "missing_lines": [73, 74, 75, 76, 77, 78], "excluded_lines": []}, "": {"executed_lines": [1, 6, 7, 8, 9, 10, 13, 14, 18, 48, 61, 71], "summary": {"covered_lines": 11, "num_statements": 11, "percent_covered": 100.0, "percent_covered_display": "100", "missing_lines": 0, "excluded_lines": 0, "percent_statements_covered": 100.0, "percent_statements_covered_display": "100"}, "missing_lines": [], "excluded_lines": []}}, "classes": {"FileProcessor": {"executed_lines": [15, 16], "summary": {"covered_lines": 2, "num_statements": 38, "percent_covered": 5.2631578947368425, "percent_covered_display": "5", "missing_lines": 36, "excluded_lines": 0, "percent_statements_covered": 5.2631578947368425, "percent_statements_covered_display": "5"}, "missing_lines": [29, 30, 32, 33, 34, 37, 39, 40, 41, 42, 43, 44, 46, 50, 51, 52, 53, 54, 55, 56, 57, 58, 59, 63, 64, 65, 66, 67, 68, 69, 73, 74, 75, 76, 77, 78], "excluded_lines": []}, "": {"executed_lines": [1, 6, 7, 8, 9, 10, 13, 14, 18, 48, 61, 71], "summary": {"covered_lines": 11, "num_statements": 11, "percent_covered": 100.0, "percent_covered_display": "100", "missing_lines": 0, "excluded_lines": 0, "percent_statements_covered": 100.0, "percent_statements_covered_display": "100"}, "missing_lines": [], "excluded_lines": []}}}, "arc_saga\\storage\\__init__.py": {"executed_lines": [1, 6, 7, 9], "summary": {"covered_lines": 3, "num_statements": 3, "percent_covered": 100.0, "percent_covered_display": "100", "missing_lines": 0, "excluded_lines": 0, "percent_statements_covered": 100.0, "percent_statements_covered_display": "100"}, "missing_lines": [], "excluded_lines": [], "functions": {"": {"executed_lines": [1, 6, 7, 9], "summary": {"covered_lines": 3, "num_statements": 3, "percent_covered": 100.0, "percent_covered_display": "100", "missing_lines": 0, "excluded_lines": 0, "percent_statements_covered": 100.0, "percent_statements_covered_display": "100"}, "missing_lines": [], "excluded_lines": []}}, "classes": {"": {"executed_lines": [1, 6, 7, 9], "summary": {"covered_lines": 3, "num_statements": 3, "percent_covered": 100.0, "percent_covered_display": "100", "missing_lines": 0, "excluded_lines": 0, "percent_statements_covered": 100.0, "percent_statements_covered_display": "100"}, "missing_lines": [], "excluded_lines": []}}}, "arc_saga\\storage\\base.py": {"executed_lines": [1, 9, 10, 11, 14, 15, 22, 23, 33, 34, 48, 49, 63, 64, 85, 86, 100, 101, 115, 116, 130, 131], "summary": {"covered_lines": 20, "num_statements": 20, "percent_covered": 100.0, "percent_covered_display": "100", "missing_lines": 0, "excluded_lines": 0, "percent_statements_covered": 100.0, "percent_statements_covered_display": "100"}, "missing_lines": [], "excluded_lines": [], "functions": {"StorageBackend.initialize": {"executed_lines": [], "summary": {"covered_lines": 0, "num_statements": 0, "percent_covered": 100.0, "percent_covered_display": "100", "missing_lines": 0, "excluded_lines": 0, "percent_statements_covered": 100.0, "percent_statements_covered_display": "100"}, "missing_lines": [], "excluded_lines": []}, "StorageBackend.save_message": {"executed_lines": [], "summary": {"covered_lines": 0, "num_statements": 0, "percent_covered": 100.0, "percent_covered_display": "100", "missing_lines": 0, "excluded_lines": 0, "percent_statements_covered": 100.0, "percent_statements_covered_display": "100"}, "missing_lines": [], "excluded_lines": []}, "StorageBackend.save_file": {"executed_lines": [], "summary": {"covered_lines": 0, "num_statements": 0, "percent_covered": 100.0, "percent_covered_display": "100", "missing_lines": 0, "excluded_lines": 0, "percent_statements_covered": 100.0, "percent_statements_covered_display": "100"}, "missing_lines": [], "excluded_lines": []}, "StorageBackend.search_messages": {"executed_lines": [], "summary": {"covered_lines": 0, "num_statements": 0, "percent_covered": 100.0, "percent_covered_display": "100", "missing_lines": 0, "excluded_lines": 0, "percent_statements_covered": 100.0, "percent_statements_covered_display": "100"}, "missing_lines": [], "excluded_lines": []}, "StorageBackend.get_message_by_id": {"executed_lines": [], "summary": {"covered_lines": 0, "num_statements": 0, "percent_covered": 100.0, "percent_covered_display": "100", "missing_lines": 0, "excluded_lines": 0, "percent_statements_covered": 100.0, "percent_statements_covered_display": "100"}, "missing_lines": [], "excluded_lines": []}, "StorageBackend.get_file_by_id": {"executed_lines": [], "summary": {"covered_lines": 0, "num_statements": 0, "percent_covered": 100.0, "percent_covered_display": "100", "missing_lines": 0, "excluded_lines": 0, "percent_statements_covered": 100.0, "percent_statements_covered_display": "100"}, "missing_lines": [], "excluded_lines": []}, "StorageBackend.get_by_session": {"executed_lines": [], "summary": {"covered_lines": 0, "num_statements": 0, "percent_covered": 100.0, "percent_covered_display": "100", "missing_lines": 0, "excluded_lines": 0, "percent_statements_covered": 100.0, "percent_statements_covered_display": "100"}, "missing_lines": [], "excluded_lines": []}, "StorageBackend.health_check": {"executed_lines": [], "summary": {"covered_lines": 0, "num_statements": 0, "percent_covered": 100.0, "percent_covered_display": "100", "missing_lines": 0, "excluded_lines": 0, "percent_statements_covered": 100.0, "percent_statements_covered_display": "100"}, "missing_lines": [], "excluded_lines": []}, "": {"executed_lines": [1, 9, 10, 11, 14, 15, 22, 23, 33, 34, 48, 49, 63, 64, 85, 86, 100, 101, 115, 116, 130, 131], "summary": {"covered_lines": 20, "num_statements": 20, "percent_covered": 100.0, "percent_covered_display": "100", "missing_lines": 0, "excluded_lines": 0, "percent_statements_covered": 100.0, "percent_statements_covered_display": "100"}, "missing_lines": [], "excluded_lines": []}}, "classes": {"StorageBackend": {"executed_lines": [], "summary": {"covered_lines": 0, "num_statements": 0, "percent_covered": 100.0, "percent_covered_display": "100", "missing_lines": 0, "excluded_lines": 0, "percent_statements_covered": 100.0, "percent_statements_covered_display": "100"}, "missing_lines": [], "excluded_lines": []}, "": {"executed_lines": [1, 9, 10, 11, 14, 15, 22, 23, 33, 34, 48, 49, 63, 64, 85, 86, 100, 101, 115, 116, 130, 131], "summary": {"covered_lines": 20, "num_statements": 20, "percent_covered": 100.0, "percent_covered_display": "100", "missing_lines": 0, "excluded_lines": 0, "percent_statements_covered": 100.0, "percent_statements_covered_display": "100"}, "missing_lines": [], "excluded_lines": []}}}, "arc_saga\\storage\\sqlite.py": {"executed_lines": [1, 16, 17, 18, 19, 20, 22, 23, 24, 25, 26, 28, 31, 32, 51, 58, 61, 62, 63, 64, 66, 76, 77, 82, 83, 84, 86, 88, 98, 99, 100, 103, 118, 134, 145, 158, 163, 168, 173, 178, 183, 184, 190, 203, 204, 205, 208, 224, 233, 234, 239, 245, 258, 259, 260, 263, 280, 290, 291, 296, 302, 322, 323, 324, 327, 334, 337, 338, 342, 343, 345, 346, 348, 350, 351, 352, 360, 366, 372, 385, 386, 387, 389, 391, 393, 396, 411, 424, 425, 426, 428, 429, 431, 434, 450, 463, 464, 465, 467, 472, 473, 474, 485, 489, 495, 502, 503, 504, 505, 506, 507, 512, 514, 515, 516, 517], "summary": {"covered_lines": 114, "num_statements": 143, "percent_covered": 79.72027972027972, "percent_covered_display": "80", "missing_lines": 29, "excluded_lines": 0, "percent_statements_covered": 79.72027972027972, "percent_statements_covered_display": "80"}, "missing_lines": [59, 186, 187, 188, 241, 242, 243, 298, 299, 300, 368, 369, 370, 394, 407, 408, 409, 432, 446, 447, 448, 491, 492, 493, 508, 509, 510, 518, 519], "excluded_lines": [], "functions": {"SQLiteStorage.__init__": {"executed_lines": [58, 61, 62, 63, 64], "summary": {"covered_lines": 5, "num_statements": 6, "percent_covered": 83.33333333333333, "percent_covered_display": "83", "missing_lines": 1, "excluded_lines": 0, "percent_statements_covered": 83.33333333333333, "percent_statements_covered_display": "83"}, "missing_lines": [59], "excluded_lines": []}, "SQLiteStorage._get_connection": {"executed_lines": [76, 77, 82, 83, 84, 86], "summary": {"covered_lines": 6, "num_statements": 6, "percent_covered": 100.0, "percent_covered_display": "100", "missing_lines": 0, "excluded_lines": 0, "percent_statements_covered": 100.0, "percent_statements_covered_display": "100"}, "missing_lines": [], "excluded_lines": []}, "SQLiteStorage.initialize": {"executed_lines": [98, 99, 100, 103, 118, 134, 145, 158, 163, 168, 173, 178, 183, 184], "summary": {"covered_lines": 14, "num_statements": 17, "percent_covered": 82.3529411764706, "percent_covered_display": "82", "missing_lines": 3, "excluded_lines": 0, "percent_statements_covered": 82.3529411764706, "percent_statements_covered_display": "82"}, "missing_lines": [186, 187, 188], "excluded_lines": []}, "SQLiteStorage.save_message": {"executed_lines": [203, 204, 205, 208, 224, 233, 234, 239], "summary": {"covered_lines": 8, "num_statements": 11, "percent_covered": 72.72727272727273, "percent_covered_display": "73", "missing_lines": 3, "excluded_lines": 0, "percent_statements_covered": 72.72727272727273, "percent_statements_covered_display": "73"}, "missing_lines": [241, 242, 243], "excluded_lines": []}, "SQLiteStorage.save_file": {"executed_lines": [258, 259, 260, 263, 280, 290, 291, 296], "summary": {"covered_lines": 8, "num_statements": 11, "percent_covered": 72.72727272727273, "percent_covered_display": "73", "missing_lines": 3, "excluded_lines": 0, "percent_statements_covered": 72.72727272727273, "percent_statements_covered_display": "73"}, "missing_lines": [298, 299, 300], "excluded_lines": []}, "SQLiteStorage.search_messages": {"executed_lines": [322, 323, 324, 327, 334, 337, 338, 342, 343, 345, 346, 348, 350, 351, 352, 360, 366], "summary": {"covered_lines": 17, "num_statements": 20, "percent_covered": 85.0, "percent_covered_display": "85", "missing_lines": 3, "excluded_lines": 0, "percent_statements_covered": 85.0, "percent_statements_covered_display": "85"}, "missing_lines": [368, 369, 370], "excluded_lines": []}, "SQLiteStorage.get_message_by_id": {"executed_lines": [385, 386, 387, 389, 391, 393, 396], "summary": {"covered_lines": 7, "num_statements": 11, "percent_covered": 63.63636363636363, "percent_covered_display": "64", "missing_lines": 4, "excluded_lines": 0, "percent_statements_covered": 63.63636363636363, "percent_statements_covered_display": "64"}, "missing_lines": [394, 407, 408, 409], "excluded_lines": []}, "SQLiteStorage.get_file_by_id": {"executed_lines": [424, 425, 426, 428, 429, 431, 434], "summary": {"covered_lines": 7, "num_statements": 11, "percent_covered": 63.63636363636363, "percent_covered_display": "64", "missing_lines": 4, "excluded_lines": 0, "percent_statements_covered": 63.63636363636363, "percent_statements_covered_display": "64"}, "missing_lines": [432, 446, 447, 448], "excluded_lines": []}, "SQLiteStorage.get_by_session": {"executed_lines": [463, 464, 465, 467, 472, 473, 474, 485, 489], "summary": {"covered_lines": 9, "num_statements": 12, "percent_covered": 75.0, "percent_covered_display": "75", "missing_lines": 3, "excluded_lines": 0, "percent_statements_covered": 75.0, "percent_statements_covered_display": "75"}, "missing_lines": [491, 492, 493], "excluded_lines": []}, "SQLiteStorage.health_check": {"executed_lines": [502, 503, 504, 505, 506, 507], "summary": {"covered_lines": 6, "num_statements": 9, "percent_covered": 66.66666666666667, "percent_covered_display": "67", "missing_lines": 3, "excluded_lines": 0, "percent_statements_covered": 66.66666666666667, "percent_statements_covered_display": "67"}, "missing_lines": [508, 509, 510], "excluded_lines": []}, "SQLiteStorage.__del__": {"executed_lines": [514, 515, 516, 517], "summary": {"covered_lines": 4, "num_statements": 6, "percent_covered": 66.66666666666667, "percent_covered_display": "67", "missing_lines": 2, "excluded_lines": 0, "percent_statements_covered": 66.66666666666667, "percent_statements_covered_display": "67"}, "missing_lines": [518, 519], "excluded_lines": []}, "": {"executed_lines": [1, 16, 17, 18, 19, 20, 22, 23, 24, 25, 26, 28, 31, 32, 51, 66, 88, 190, 245, 302, 372, 411, 450, 495, 512], "summary": {"covered_lines": 23, "num_statements": 23, "percent_covered": 100.0, "percent_covered_display": "100", "missing_lines": 0, "excluded_lines": 0, "percent_statements_covered": 100.0, "percent_statements_covered_display": "100"}, "missing_lines": [], "excluded_lines": []}}, "classes": {"SQLiteStorage": {"executed_lines": [58, 61, 62, 63, 64, 76, 77, 82, 83, 84, 86, 98, 99, 100, 103, 118, 134, 145, 158, 163, 168, 173, 178, 183, 184, 203, 204, 205, 208, 224, 233, 234, 239, 258, 259, 260, 263, 280, 290, 291, 296, 322, 323, 324, 327, 334, 337, 338, 342, 343, 345, 346, 348, 350, 351, 352, 360, 366, 385, 386, 387, 389, 391, 393, 396, 424, 425, 426, 428, 429, 431, 434, 463, 464, 465, 467, 472, 473, 474, 485, 489, 502, 503, 504, 505, 506, 507, 514, 515, 516, 517], "summary": {"covered_lines": 91, "num_statements": 120, "percent_covered": 75.83333333333333, "percent_covered_display": "76", "missing_lines": 29, "excluded_lines": 0, "percent_statements_covered": 75.83333333333333, "percent_statements_covered_display": "76"}, "missing_lines": [59, 186, 187, 188, 241, 242, 243, 298, 299, 300, 368, 369, 370, 394, 407, 408, 409, 432, 446, 447, 448, 491, 492, 493, 508, 509, 510, 518, 519], "excluded_lines": []}, "": {"executed_lines": [1, 16, 17, 18, 19, 20, 22, 23, 24, 25, 26, 28, 31, 32, 51, 66, 88, 190, 245, 302, 372, 411, 450, 495, 512], "summary": {"covered_lines": 23, "num_statements": 23, "percent_covered": 100.0, "percent_covered_display": "100", "missing_lines": 0, "excluded_lines": 0, "percent_statements_covered": 100.0, "percent_statements_covered_display": "100"}, "missing_lines": [], "excluded_lines": []}}}}, "totals": {"covered_lines": 1823, "num_statements": 2061, "percent_covered": 88.45220766618147, "percent_covered_display": "88", "missing_lines": 238, "excluded_lines": 25, "percent_statements_covered": 88.45220766618147, "percent_statements_covered_display": "88"}}